{"meta": {"format": 3, "version": "7.13.4", "timestamp": "2026-02-13T10:56:12.635504", "branch_coverage": false, "show_contexts": false}, "files": {"benchmark/__init__.py": {"executed_lines": [], "summary": {"covered_lines": 0, "num_statements": 0, "percent_covered": 100.0, "percent_covered_display": "100", "missing_lines": 0, "excluded_lines": 0, "percent_statements_covered": 100.0, "percent_statements_covered_display": "100"}, "missing_lines": [], "excluded_lines": [], "functions": {"": {"executed_lines": [], "summary": {"covered_lines": 0, "num_statements": 0, "percent_covered": 100.0, "percent_covered_display": "100", "missing_lines": 0, "excluded_lines": 0, "percent_statements_covered": 100.0, "percent_statements_covered_display": "100"}, "missing_lines": [], "excluded_lines": [], "start_line": 1}}, "classes": {"": {"executed_lines": [], "summary": {"covered_lines": 0, "num_statements": 0, "percent_covered": 100.0, "percent_covered_display": "100", "missing_lines": 0, "excluded_lines": 0, "percent_statements_covered": 100.0, "percent_statements_covered_display": "100"}, "missing_lines": [], "excluded_lines": [], "start_line": 1}}}, "benchmark/cross_platform.py": {"executed_lines": [12, 14, 15, 16, 17, 18, 20, 22, 32, 33, 35, 36, 37, 38, 39, 40, 41, 44, 45, 47, 48, 49, 52, 53, 55, 56, 57, 58, 59, 60, 61, 66, 68, 73, 83, 84, 86, 87, 88, 89, 91, 93, 94, 95, 97, 110, 120, 122, 123, 124, 125, 126, 128, 129, 130, 132, 133, 134, 135, 137, 139, 140, 142, 143, 145, 147, 148, 150, 152, 153, 155, 157, 167, 172, 173, 177, 178, 179, 183, 186, 188, 189, 191, 192, 195, 196, 197, 198, 199, 201, 202, 206, 207, 209, 221, 222, 224, 225, 226, 227, 228, 229, 232], "summary": {"covered_lines": 103, "num_statements": 107, "percent_covered": 96.26168224299066, "percent_covered_display": "96", "missing_lines": 4, "excluded_lines": 0, "percent_statements_covered": 96.26168224299066, "percent_statements_covered_display": "96"}, "missing_lines": [200, 203, 204, 233], "excluded_lines": [], "functions": {"_is_cross_platform": {"executed_lines": [68], "summary": {"covered_lines": 1, "num_statements": 1, "percent_covered": 100.0, "percent_covered_display": "100", "missing_lines": 0, "excluded_lines": 0, "percent_statements_covered": 100.0, "percent_statements_covered_display": "100"}, "missing_lines": [], "excluded_lines": [], "start_line": 66}, "compute_platform_breakdown": {"executed_lines": [83, 84, 86, 87, 88, 89, 91, 93, 94, 95, 97], "summary": {"covered_lines": 11, "num_statements": 11, "percent_covered": 100.0, "percent_covered_display": "100", "missing_lines": 0, "excluded_lines": 0, "percent_statements_covered": 100.0, "percent_statements_covered_display": "100"}, "missing_lines": [], "excluded_lines": [], "start_line": 73}, "evaluate_thresholds": {"executed_lines": [120, 122, 123, 124, 125, 126, 128, 129, 130, 132, 133, 134, 135, 137, 139, 140, 142, 143, 145, 147, 148, 150, 152, 153, 155, 157, 167], "summary": {"covered_lines": 27, "num_statements": 27, "percent_covered": 100.0, "percent_covered_display": "100", "missing_lines": 0, "excluded_lines": 0, "percent_statements_covered": 100.0, "percent_statements_covered_display": "100"}, "missing_lines": [], "excluded_lines": [], "start_line": 110}, "_build_parser": {"executed_lines": [173, 177, 178, 179, 183], "summary": {"covered_lines": 5, "num_statements": 5, "percent_covered": 100.0, "percent_covered_display": "100", "missing_lines": 0, "excluded_lines": 0, "percent_statements_covered": 100.0, "percent_statements_covered_display": "100"}, "missing_lines": [], "excluded_lines": [], "start_line": 172}, "main": {"executed_lines": [188, 189, 191, 192, 195, 196, 197, 198, 199, 201, 202, 206, 207, 209, 221, 222, 224, 225, 226, 227, 228, 229], "summary": {"covered_lines": 22, "num_statements": 25, "percent_covered": 88.0, "percent_covered_display": "88", "missing_lines": 3, "excluded_lines": 0, "percent_statements_covered": 88.0, "percent_statements_covered_display": "88"}, "missing_lines": [200, 203, 204], "excluded_lines": [], "start_line": 186}, "": {"executed_lines": [12, 14, 15, 16, 17, 18, 20, 22, 32, 33, 35, 36, 37, 38, 39, 40, 41, 44, 45, 47, 48, 49, 52, 53, 55, 56, 57, 58, 59, 60, 61, 66, 73, 110, 172, 186, 232], "summary": {"covered_lines": 37, "num_statements": 38, "percent_covered": 97.36842105263158, "percent_covered_display": "97", "missing_lines": 1, "excluded_lines": 0, "percent_statements_covered": 97.36842105263158, "percent_statements_covered_display": "97"}, "missing_lines": [233], "excluded_lines": [], "start_line": 1}}, "classes": {"PlatformBreakdown": {"executed_lines": [], "summary": {"covered_lines": 0, "num_statements": 0, "percent_covered": 100.0, "percent_covered_display": "100", "missing_lines": 0, "excluded_lines": 0, "percent_statements_covered": 100.0, "percent_statements_covered_display": "100"}, "missing_lines": [], "excluded_lines": [], "start_line": 33}, "LabeledPair": {"executed_lines": [], "summary": {"covered_lines": 0, "num_statements": 0, "percent_covered": 100.0, "percent_covered_display": "100", "missing_lines": 0, "excluded_lines": 0, "percent_statements_covered": 100.0, "percent_statements_covered_display": "100"}, "missing_lines": [], "excluded_lines": [], "start_line": 45}, "ThresholdResult": {"executed_lines": [], "summary": {"covered_lines": 0, "num_statements": 0, "percent_covered": 100.0, "percent_covered_display": "100", "missing_lines": 0, "excluded_lines": 0, "percent_statements_covered": 100.0, "percent_statements_covered_display": "100"}, "missing_lines": [], "excluded_lines": [], "start_line": 53}, "": {"executed_lines": [12, 14, 15, 16, 17, 18, 20, 22, 32, 33, 35, 36, 37, 38, 39, 40, 41, 44, 45, 47, 48, 49, 52, 53, 55, 56, 57, 58, 59, 60, 61, 66, 68, 73, 83, 84, 86, 87, 88, 89, 91, 93, 94, 95, 97, 110, 120, 122, 123, 124, 125, 126, 128, 129, 130, 132, 133, 134, 135, 137, 139, 140, 142, 143, 145, 147, 148, 150, 152, 153, 155, 157, 167, 172, 173, 177, 178, 179, 183, 186, 188, 189, 191, 192, 195, 196, 197, 198, 199, 201, 202, 206, 207, 209, 221, 222, 224, 225, 226, 227, 228, 229, 232], "summary": {"covered_lines": 103, "num_statements": 107, "percent_covered": 96.26168224299066, "percent_covered_display": "96", "missing_lines": 4, "excluded_lines": 0, "percent_statements_covered": 96.26168224299066, "percent_statements_covered_display": "96"}, "missing_lines": [200, 203, 204, 233], "excluded_lines": [], "start_line": 1}}}, "benchmark/evs.py": {"executed_lines": [16, 18, 19, 20, 21, 22, 23, 28, 29, 31, 32, 33, 34, 35, 36, 37, 40, 41, 43, 44, 45, 48, 49, 51, 52, 53, 54, 55, 56, 57, 58, 59, 62, 63, 65, 66, 67, 69, 71, 89, 90, 95, 96, 97, 104, 111, 112, 113, 114, 115, 120, 131, 132, 133, 134, 135, 136, 137, 142, 144, 145, 146, 149, 154, 155, 156, 157, 159, 161, 162, 167, 168, 170, 171, 174, 175, 176, 177, 178, 181, 182, 183, 184, 187, 188, 189, 190, 201, 202, 207, 212, 213, 219, 220, 222, 223, 224, 225, 227, 228, 232, 233, 234, 238, 239, 240, 242, 243, 244, 245, 246, 248, 260, 261, 263, 272, 273, 277, 278, 279, 280, 283, 285, 286, 288, 289, 292, 293, 294, 295, 296, 298, 299, 303, 304, 305, 307, 308, 309, 310, 311, 314], "summary": {"covered_lines": 142, "num_statements": 146, "percent_covered": 97.26027397260275, "percent_covered_display": "97", "missing_lines": 4, "excluded_lines": 0, "percent_statements_covered": 97.26027397260275, "percent_statements_covered_display": "97"}, "missing_lines": [297, 300, 301, 315], "excluded_lines": [], "functions": {"SessionReport.to_json": {"executed_lines": [71, 89, 90], "summary": {"covered_lines": 3, "num_statements": 3, "percent_covered": 100.0, "percent_covered_display": "100", "missing_lines": 0, "excluded_lines": 0, "percent_statements_covered": 100.0, "percent_statements_covered_display": "100"}, "missing_lines": [], "excluded_lines": [], "start_line": 69}, "classify_confidence": {"executed_lines": [111, 112, 113, 114, 115], "summary": {"covered_lines": 5, "num_statements": 5, "percent_covered": 100.0, "percent_covered_display": "100", "missing_lines": 0, "excluded_lines": 0, "percent_statements_covered": 100.0, "percent_statements_covered_display": "100"}, "missing_lines": [], "excluded_lines": [], "start_line": 104}, "compute_evs": {"executed_lines": [131, 132, 133, 134, 135, 136, 137], "summary": {"covered_lines": 7, "num_statements": 7, "percent_covered": 100.0, "percent_covered_display": "100", "missing_lines": 0, "excluded_lines": 0, "percent_statements_covered": 100.0, "percent_statements_covered_display": "100"}, "missing_lines": [], "excluded_lines": [], "start_line": 120}, "_infer_platform": {"executed_lines": [144, 145, 146], "summary": {"covered_lines": 3, "num_statements": 3, "percent_covered": 100.0, "percent_covered_display": "100", "missing_lines": 0, "excluded_lines": 0, "percent_statements_covered": 100.0, "percent_statements_covered_display": "100"}, "missing_lines": [], "excluded_lines": [], "start_line": 142}, "parse_log_lines": {"executed_lines": [154, 155, 156, 157, 159, 170, 171, 174, 175, 176, 177, 178, 181, 182, 183, 184, 187, 188, 189, 190, 201, 202], "summary": {"covered_lines": 22, "num_statements": 22, "percent_covered": 100.0, "percent_covered_display": "100", "missing_lines": 0, "excluded_lines": 0, "percent_statements_covered": 100.0, "percent_statements_covered_display": "100"}, "missing_lines": [], "excluded_lines": [], "start_line": 149}, "parse_log_lines._flush": {"executed_lines": [161, 162, 167, 168], "summary": {"covered_lines": 4, "num_statements": 4, "percent_covered": 100.0, "percent_covered_display": "100", "missing_lines": 0, "excluded_lines": 0, "percent_statements_covered": 100.0, "percent_statements_covered_display": "100"}, "missing_lines": [], "excluded_lines": [], "start_line": 159}, "build_session_report": {"executed_lines": [212, 213, 219, 220, 222, 223, 224, 225, 227, 228, 232, 233, 234, 238, 239, 240, 242, 243, 244, 245, 246, 248, 260, 261, 263], "summary": {"covered_lines": 25, "num_statements": 25, "percent_covered": 100.0, "percent_covered_display": "100", "missing_lines": 0, "excluded_lines": 0, "percent_statements_covered": 100.0, "percent_statements_covered_display": "100"}, "missing_lines": [], "excluded_lines": [], "start_line": 207}, "_build_parser": {"executed_lines": [273, 277, 278, 279, 280], "summary": {"covered_lines": 5, "num_statements": 5, "percent_covered": 100.0, "percent_covered_display": "100", "missing_lines": 0, "excluded_lines": 0, "percent_statements_covered": 100.0, "percent_statements_covered_display": "100"}, "missing_lines": [], "excluded_lines": [], "start_line": 272}, "main": {"executed_lines": [285, 286, 288, 289, 292, 293, 294, 295, 296, 298, 299, 303, 304, 305, 307, 308, 309, 310, 311], "summary": {"covered_lines": 19, "num_statements": 22, "percent_covered": 86.36363636363636, "percent_covered_display": "86", "missing_lines": 3, "excluded_lines": 0, "percent_statements_covered": 86.36363636363636, "percent_statements_covered_display": "86"}, "missing_lines": [297, 300, 301], "excluded_lines": [], "start_line": 283}, "": {"executed_lines": [16, 18, 19, 20, 21, 22, 23, 28, 29, 31, 32, 33, 34, 35, 36, 37, 40, 41, 43, 44, 45, 48, 49, 51, 52, 53, 54, 55, 56, 57, 58, 59, 62, 63, 65, 66, 67, 69, 95, 96, 97, 104, 120, 142, 149, 207, 272, 283, 314], "summary": {"covered_lines": 49, "num_statements": 50, "percent_covered": 98.0, "percent_covered_display": "98", "missing_lines": 1, "excluded_lines": 0, "percent_statements_covered": 98.0, "percent_statements_covered_display": "98"}, "missing_lines": [315], "excluded_lines": [], "start_line": 1}}, "classes": {"ParsedOpportunity": {"executed_lines": [], "summary": {"covered_lines": 0, "num_statements": 0, "percent_covered": 100.0, "percent_covered_display": "100", "missing_lines": 0, "excluded_lines": 0, "percent_statements_covered": 100.0, "percent_statements_covered_display": "100"}, "missing_lines": [], "excluded_lines": [], "start_line": 29}, "CycleParsed": {"executed_lines": [], "summary": {"covered_lines": 0, "num_statements": 0, "percent_covered": 100.0, "percent_covered_display": "100", "missing_lines": 0, "excluded_lines": 0, "percent_statements_covered": 100.0, "percent_statements_covered_display": "100"}, "missing_lines": [], "excluded_lines": [], "start_line": 41}, "CycleMetrics": {"executed_lines": [], "summary": {"covered_lines": 0, "num_statements": 0, "percent_covered": 100.0, "percent_covered_display": "100", "missing_lines": 0, "excluded_lines": 0, "percent_statements_covered": 100.0, "percent_statements_covered_display": "100"}, "missing_lines": [], "excluded_lines": [], "start_line": 49}, "SessionReport": {"executed_lines": [71, 89, 90], "summary": {"covered_lines": 3, "num_statements": 3, "percent_covered": 100.0, "percent_covered_display": "100", "missing_lines": 0, "excluded_lines": 0, "percent_statements_covered": 100.0, "percent_statements_covered_display": "100"}, "missing_lines": [], "excluded_lines": [], "start_line": 63}, "": {"executed_lines": [16, 18, 19, 20, 21, 22, 23, 28, 29, 31, 32, 33, 34, 35, 36, 37, 40, 41, 43, 44, 45, 48, 49, 51, 52, 53, 54, 55, 56, 57, 58, 59, 62, 63, 65, 66, 67, 69, 95, 96, 97, 104, 111, 112, 113, 114, 115, 120, 131, 132, 133, 134, 135, 136, 137, 142, 144, 145, 146, 149, 154, 155, 156, 157, 159, 161, 162, 167, 168, 170, 171, 174, 175, 176, 177, 178, 181, 182, 183, 184, 187, 188, 189, 190, 201, 202, 207, 212, 213, 219, 220, 222, 223, 224, 225, 227, 228, 232, 233, 234, 238, 239, 240, 242, 243, 244, 245, 246, 248, 260, 261, 263, 272, 273, 277, 278, 279, 280, 283, 285, 286, 288, 289, 292, 293, 294, 295, 296, 298, 299, 303, 304, 305, 307, 308, 309, 310, 311, 314], "summary": {"covered_lines": 139, "num_statements": 143, "percent_covered": 97.2027972027972, "percent_covered_display": "97", "missing_lines": 4, "excluded_lines": 0, "percent_statements_covered": 97.2027972027972, "percent_statements_covered_display": "97"}, "missing_lines": [297, 300, 301, 315], "excluded_lines": [], "start_line": 1}}}, "benchmark/latency_sim.py": {"executed_lines": [12, 14, 15, 16, 17, 18, 19, 20, 22, 28, 29, 31, 32, 33, 34, 35, 36, 39, 40, 42, 43, 44, 45, 46, 47, 48, 49, 52, 53, 55, 56, 57, 58, 60, 62, 80, 81, 87, 105, 106, 108, 109, 110, 113, 114, 116, 118, 119, 121, 122, 125, 128, 129, 130, 132, 140, 142, 148, 159, 160, 172, 173, 174, 175, 176, 177, 179, 182, 183, 184, 186, 189, 190, 191, 195, 197, 198, 199, 201, 211, 212, 213, 214, 216, 231, 242, 245, 248, 249, 250, 253, 254, 255, 256, 257, 260, 261, 262, 263, 265, 266, 278, 279, 280, 281, 283, 294, 295, 299, 300, 301, 302, 303, 304, 305, 306, 309, 311, 312, 314, 315, 317, 324, 325, 327, 328, 329, 330, 331, 337], "summary": {"covered_lines": 130, "num_statements": 133, "percent_covered": 97.74436090225564, "percent_covered_display": "98", "missing_lines": 3, "excluded_lines": 0, "percent_statements_covered": 97.74436090225564, "percent_statements_covered_display": "98"}, "missing_lines": [193, 243, 338], "excluded_lines": [], "functions": {"ArchitectureReport.to_json": {"executed_lines": [62, 80, 81], "summary": {"covered_lines": 3, "num_statements": 3, "percent_covered": 100.0, "percent_covered_display": "100", "missing_lines": 0, "excluded_lines": 0, "percent_statements_covered": 100.0, "percent_statements_covered_display": "100"}, "missing_lines": [], "excluded_lines": [], "start_line": 60}, "generate_arb_windows": {"executed_lines": [105, 106, 108, 109, 110, 113, 114, 116, 118, 119, 121, 122, 125, 128, 129, 130, 132, 140, 142], "summary": {"covered_lines": 19, "num_statements": 19, "percent_covered": 100.0, "percent_covered_display": "100", "missing_lines": 0, "excluded_lines": 0, "percent_statements_covered": 100.0, "percent_statements_covered_display": "100"}, "missing_lines": [], "excluded_lines": [], "start_line": 87}, "simulate_interval": {"executed_lines": [159, 160, 172, 173, 174, 175, 176, 177, 179, 182, 183, 184, 186, 189, 190, 191, 195, 197, 198, 199, 201, 211, 212, 213, 214, 216], "summary": {"covered_lines": 26, "num_statements": 27, "percent_covered": 96.29629629629629, "percent_covered_display": "96", "missing_lines": 1, "excluded_lines": 0, "percent_statements_covered": 96.29629629629629, "percent_statements_covered_display": "96"}, "missing_lines": [193], "excluded_lines": [], "start_line": 148}, "compare_architectures": {"executed_lines": [242, 245, 248, 249, 250, 253, 254, 255, 256, 257, 260, 261, 262, 263, 265, 266, 278, 279, 280, 281, 283], "summary": {"covered_lines": 21, "num_statements": 22, "percent_covered": 95.45454545454545, "percent_covered_display": "95", "missing_lines": 1, "excluded_lines": 0, "percent_statements_covered": 95.45454545454545, "percent_statements_covered_display": "95"}, "missing_lines": [243], "excluded_lines": [], "start_line": 231}, "_build_parser": {"executed_lines": [295, 299, 300, 301, 302, 303, 304, 305, 306], "summary": {"covered_lines": 9, "num_statements": 9, "percent_covered": 100.0, "percent_covered_display": "100", "missing_lines": 0, "excluded_lines": 0, "percent_statements_covered": 100.0, "percent_statements_covered_display": "100"}, "missing_lines": [], "excluded_lines": [], "start_line": 294}, "main": {"executed_lines": [311, 312, 314, 315, 317, 324, 325, 327, 328, 329, 330, 331], "summary": {"covered_lines": 12, "num_statements": 12, "percent_covered": 100.0, "percent_covered_display": "100", "missing_lines": 0, "excluded_lines": 0, "percent_statements_covered": 100.0, "percent_statements_covered_display": "100"}, "missing_lines": [], "excluded_lines": [], "start_line": 309}, "": {"executed_lines": [12, 14, 15, 16, 17, 18, 19, 20, 22, 28, 29, 31, 32, 33, 34, 35, 36, 39, 40, 42, 43, 44, 45, 46, 47, 48, 49, 52, 53, 55, 56, 57, 58, 60, 87, 148, 231, 294, 309, 337], "summary": {"covered_lines": 40, "num_statements": 41, "percent_covered": 97.5609756097561, "percent_covered_display": "98", "missing_lines": 1, "excluded_lines": 0, "percent_statements_covered": 97.5609756097561, "percent_statements_covered_display": "98"}, "missing_lines": [338], "excluded_lines": [], "start_line": 1}}, "classes": {"ArbWindow": {"executed_lines": [], "summary": {"covered_lines": 0, "num_statements": 0, "percent_covered": 100.0, "percent_covered_display": "100", "missing_lines": 0, "excluded_lines": 0, "percent_statements_covered": 100.0, "percent_statements_covered_display": "100"}, "missing_lines": [], "excluded_lines": [], "start_line": 29}, "IntervalResult": {"executed_lines": [], "summary": {"covered_lines": 0, "num_statements": 0, "percent_covered": 100.0, "percent_covered_display": "100", "missing_lines": 0, "excluded_lines": 0, "percent_statements_covered": 100.0, "percent_statements_covered_display": "100"}, "missing_lines": [], "excluded_lines": [], "start_line": 40}, "ArchitectureReport": {"executed_lines": [62, 80, 81], "summary": {"covered_lines": 3, "num_statements": 3, "percent_covered": 100.0, "percent_covered_display": "100", "missing_lines": 0, "excluded_lines": 0, "percent_statements_covered": 100.0, "percent_statements_covered_display": "100"}, "missing_lines": [], "excluded_lines": [], "start_line": 53}, "": {"executed_lines": [12, 14, 15, 16, 17, 18, 19, 20, 22, 28, 29, 31, 32, 33, 34, 35, 36, 39, 40, 42, 43, 44, 45, 46, 47, 48, 49, 52, 53, 55, 56, 57, 58, 60, 87, 105, 106, 108, 109, 110, 113, 114, 116, 118, 119, 121, 122, 125, 128, 129, 130, 132, 140, 142, 148, 159, 160, 172, 173, 174, 175, 176, 177, 179, 182, 183, 184, 186, 189, 190, 191, 195, 197, 198, 199, 201, 211, 212, 213, 214, 216, 231, 242, 245, 248, 249, 250, 253, 254, 255, 256, 257, 260, 261, 262, 263, 265, 266, 278, 279, 280, 281, 283, 294, 295, 299, 300, 301, 302, 303, 304, 305, 306, 309, 311, 312, 314, 315, 317, 324, 325, 327, 328, 329, 330, 331, 337], "summary": {"covered_lines": 127, "num_statements": 130, "percent_covered": 97.6923076923077, "percent_covered_display": "98", "missing_lines": 3, "excluded_lines": 0, "percent_statements_covered": 97.6923076923077, "percent_statements_covered_display": "98"}, "missing_lines": [193, 243, 338], "excluded_lines": [], "start_line": 1}}}, "benchmark/weight_search.py": {"executed_lines": [13, 15, 16, 17, 18, 19, 21, 26, 32, 37, 38, 40, 41, 42, 43, 44, 45, 47, 48, 54, 55, 57, 58, 59, 64, 76, 77, 78, 79, 81, 83, 84, 85, 86, 87, 89, 90, 91, 92, 93, 94, 103, 108, 121, 122, 128, 134, 135, 136, 137, 138, 139, 140, 141, 146, 148, 149, 151, 153, 154, 155, 163, 165, 168, 169, 170, 172, 174, 175, 180, 189, 194, 195, 196, 205, 218, 223, 226, 227, 231, 232, 233, 234, 235, 239, 242, 244, 245, 247, 248, 251, 252, 253, 254, 255, 257, 258, 262, 265, 266, 267, 269, 274, 275, 276, 277, 278, 279, 282, 283, 284, 286, 287, 290, 291, 316, 317, 319, 320, 321, 322, 328, 331], "summary": {"covered_lines": 123, "num_statements": 129, "percent_covered": 95.34883720930233, "percent_covered_display": "95", "missing_lines": 6, "excluded_lines": 0, "percent_statements_covered": 95.34883720930233, "percent_statements_covered_display": "95"}, "missing_lines": [256, 259, 260, 270, 271, 332], "excluded_lines": [], "functions": {"WeightConfig.as_tuple": {"executed_lines": [48], "summary": {"covered_lines": 1, "num_statements": 1, "percent_covered": 100.0, "percent_covered_display": "100", "missing_lines": 0, "excluded_lines": 0, "percent_statements_covered": 100.0, "percent_statements_covered_display": "100"}, "missing_lines": [], "excluded_lines": [], "start_line": 47}, "generate_weight_grid": {"executed_lines": [76, 77, 78, 79, 81, 83, 84, 85, 86, 87, 89, 90, 91, 92, 93, 94, 103], "summary": {"covered_lines": 17, "num_statements": 17, "percent_covered": 100.0, "percent_covered_display": "100", "missing_lines": 0, "excluded_lines": 0, "percent_statements_covered": 100.0, "percent_statements_covered_display": "100"}, "missing_lines": [], "excluded_lines": [], "start_line": 64}, "evaluate_weights": {"executed_lines": [121, 122, 128, 134, 135, 136, 137, 138, 139, 140, 141, 146, 148, 149, 151, 153, 154, 155, 163, 165, 168, 169, 170, 172, 174, 175], "summary": {"covered_lines": 26, "num_statements": 26, "percent_covered": 100.0, "percent_covered_display": "100", "missing_lines": 0, "excluded_lines": 0, "percent_statements_covered": 100.0, "percent_statements_covered_display": "100"}, "missing_lines": [], "excluded_lines": [], "start_line": 108}, "_parsed_to_scored": {"executed_lines": [194, 195, 196, 205, 218, 223], "summary": {"covered_lines": 6, "num_statements": 6, "percent_covered": 100.0, "percent_covered_display": "100", "missing_lines": 0, "excluded_lines": 0, "percent_statements_covered": 100.0, "percent_statements_covered_display": "100"}, "missing_lines": [], "excluded_lines": [], "start_line": 189}, "_build_parser": {"executed_lines": [227, 231, 232, 233, 234, 235, 239], "summary": {"covered_lines": 7, "num_statements": 7, "percent_covered": 100.0, "percent_covered_display": "100", "missing_lines": 0, "excluded_lines": 0, "percent_statements_covered": 100.0, "percent_statements_covered_display": "100"}, "missing_lines": [], "excluded_lines": [], "start_line": 226}, "main": {"executed_lines": [244, 245, 247, 248, 251, 252, 253, 254, 255, 257, 258, 262, 265, 266, 267, 269, 274, 275, 276, 277, 278, 279, 282, 283, 284, 286, 287, 290, 291, 316, 317, 319, 320, 321, 322, 328], "summary": {"covered_lines": 36, "num_statements": 41, "percent_covered": 87.8048780487805, "percent_covered_display": "88", "missing_lines": 5, "excluded_lines": 0, "percent_statements_covered": 87.8048780487805, "percent_statements_covered_display": "88"}, "missing_lines": [256, 259, 260, 270, 271], "excluded_lines": [], "start_line": 242}, "": {"executed_lines": [13, 15, 16, 17, 18, 19, 21, 26, 32, 37, 38, 40, 41, 42, 43, 44, 45, 47, 54, 55, 57, 58, 59, 64, 108, 180, 189, 226, 242, 331], "summary": {"covered_lines": 30, "num_statements": 31, "percent_covered": 96.7741935483871, "percent_covered_display": "97", "missing_lines": 1, "excluded_lines": 0, "percent_statements_covered": 96.7741935483871, "percent_statements_covered_display": "97"}, "missing_lines": [332], "excluded_lines": [], "start_line": 1}}, "classes": {"WeightConfig": {"executed_lines": [48], "summary": {"covered_lines": 1, "num_statements": 1, "percent_covered": 100.0, "percent_covered_display": "100", "missing_lines": 0, "excluded_lines": 0, "percent_statements_covered": 100.0, "percent_statements_covered_display": "100"}, "missing_lines": [], "excluded_lines": [], "start_line": 38}, "WeightResult": {"executed_lines": [], "summary": {"covered_lines": 0, "num_statements": 0, "percent_covered": 100.0, "percent_covered_display": "100", "missing_lines": 0, "excluded_lines": 0, "percent_statements_covered": 100.0, "percent_statements_covered_display": "100"}, "missing_lines": [], "excluded_lines": [], "start_line": 55}, "": {"executed_lines": [13, 15, 16, 17, 18, 19, 21, 26, 32, 37, 38, 40, 41, 42, 43, 44, 45, 47, 54, 55, 57, 58, 59, 64, 76, 77, 78, 79, 81, 83, 84, 85, 86, 87, 89, 90, 91, 92, 93, 94, 103, 108, 121, 122, 128, 134, 135, 136, 137, 138, 139, 140, 141, 146, 148, 149, 151, 153, 154, 155, 163, 165, 168, 169, 170, 172, 174, 175, 180, 189, 194, 195, 196, 205, 218, 223, 226, 227, 231, 232, 233, 234, 235, 239, 242, 244, 245, 247, 248, 251, 252, 253, 254, 255, 257, 258, 262, 265, 266, 267, 269, 274, 275, 276, 277, 278, 279, 282, 283, 284, 286, 287, 290, 291, 316, 317, 319, 320, 321, 322, 328, 331], "summary": {"covered_lines": 122, "num_statements": 128, "percent_covered": 95.3125, "percent_covered_display": "95", "missing_lines": 6, "excluded_lines": 0, "percent_statements_covered": 95.3125, "percent_statements_covered_display": "95"}, "missing_lines": [256, 259, 260, 270, 271, 332], "excluded_lines": [], "start_line": 1}}}, "client/__init__.py": {"executed_lines": [], "summary": {"covered_lines": 0, "num_statements": 0, "percent_covered": 100.0, "percent_covered_display": "100", "missing_lines": 0, "excluded_lines": 0, "percent_statements_covered": 100.0, "percent_statements_covered_display": "100"}, "missing_lines": [], "excluded_lines": [], "functions": {"": {"executed_lines": [], "summary": {"covered_lines": 0, "num_statements": 0, "percent_covered": 100.0, "percent_covered_display": "100", "missing_lines": 0, "excluded_lines": 0, "percent_statements_covered": 100.0, "percent_statements_covered_display": "100"}, "missing_lines": [], "excluded_lines": [], "start_line": 1}}, "classes": {"": {"executed_lines": [], "summary": {"covered_lines": 0, "num_statements": 0, "percent_covered": 100.0, "percent_covered_display": "100", "missing_lines": 0, "excluded_lines": 0, "percent_statements_covered": 100.0, "percent_statements_covered_display": "100"}, "missing_lines": [], "excluded_lines": [], "start_line": 1}}}, "client/auth.py": {"executed_lines": [5, 6, 8, 11], "summary": {"covered_lines": 4, "num_statements": 8, "percent_covered": 50.0, "percent_covered_display": "50", "missing_lines": 4, "excluded_lines": 0, "percent_statements_covered": 50.0, "percent_statements_covered_display": "50"}, "missing_lines": [20, 29, 30, 32], "excluded_lines": [], "functions": {"build_clob_client": {"executed_lines": [], "summary": {"covered_lines": 0, "num_statements": 4, "percent_covered": 0.0, "percent_covered_display": "0", "missing_lines": 4, "excluded_lines": 0, "percent_statements_covered": 0.0, "percent_statements_covered_display": "0"}, "missing_lines": [20, 29, 30, 32], "excluded_lines": [], "start_line": 11}, "": {"executed_lines": [5, 6, 8, 11], "summary": {"covered_lines": 4, "num_statements": 4, "percent_covered": 100.0, "percent_covered_display": "100", "missing_lines": 0, "excluded_lines": 0, "percent_statements_covered": 100.0, "percent_statements_covered_display": "100"}, "missing_lines": [], "excluded_lines": [], "start_line": 1}}, "classes": {"": {"executed_lines": [5, 6, 8, 11], "summary": {"covered_lines": 4, "num_statements": 8, "percent_covered": 50.0, "percent_covered_display": "50", "missing_lines": 4, "excluded_lines": 0, "percent_statements_covered": 50.0, "percent_statements_covered_display": "50"}, "missing_lines": [20, 29, 30, 32], "excluded_lines": [], "start_line": 1}}}, "client/clob.py": {"executed_lines": [5, 7, 8, 10, 11, 18, 20, 22, 25, 26, 32, 33, 34, 37, 46, 51, 55, 58, 60, 61, 62, 63, 64, 65, 66, 68, 69, 70, 77, 84, 87, 101, 111, 112, 114, 116, 117, 118, 120, 121, 122, 123, 124, 125, 126, 127, 128, 130, 131, 132, 133, 134, 135, 138, 144, 167, 188, 197, 214, 219, 224], "summary": {"covered_lines": 61, "num_statements": 93, "percent_covered": 65.59139784946237, "percent_covered_display": "66", "missing_lines": 32, "excluded_lines": 0, "percent_statements_covered": 65.59139784946237, "percent_statements_covered_display": "66"}, "missing_lines": [71, 72, 73, 74, 79, 80, 81, 89, 90, 91, 92, 93, 94, 95, 96, 97, 98, 140, 141, 154, 160, 164, 176, 181, 185, 194, 205, 207, 211, 216, 221, 226], "excluded_lines": [], "functions": {"_sort_book_levels": {"executed_lines": [46, 51, 55], "summary": {"covered_lines": 3, "num_statements": 3, "percent_covered": 100.0, "percent_covered_display": "100", "missing_lines": 0, "excluded_lines": 0, "percent_statements_covered": 100.0, "percent_statements_covered_display": "100"}, "missing_lines": [], "excluded_lines": [], "start_line": 37}, "_retry_api_call": {"executed_lines": [60, 61, 62, 63, 64, 65, 66, 68, 69, 70], "summary": {"covered_lines": 10, "num_statements": 14, "percent_covered": 71.42857142857143, "percent_covered_display": "71", "missing_lines": 4, "excluded_lines": 0, "percent_statements_covered": 71.42857142857143, "percent_statements_covered_display": "71"}, "missing_lines": [71, 72, 73, 74], "excluded_lines": [], "start_line": 58}, "get_orderbook": {"executed_lines": [], "summary": {"covered_lines": 0, "num_statements": 3, "percent_covered": 0.0, "percent_covered_display": "0", "missing_lines": 3, "excluded_lines": 0, "percent_statements_covered": 0.0, "percent_statements_covered_display": "0"}, "missing_lines": [79, 80, 81], "excluded_lines": [], "start_line": 77}, "get_orderbooks": {"executed_lines": [], "summary": {"covered_lines": 0, "num_statements": 10, "percent_covered": 0.0, "percent_covered_display": "0", "missing_lines": 10, "excluded_lines": 0, "percent_statements_covered": 0.0, "percent_statements_covered_display": "0"}, "missing_lines": [89, 90, 91, 92, 93, 94, 95, 96, 97, 98], "excluded_lines": [], "start_line": 87}, "get_orderbooks_parallel": {"executed_lines": [111, 112, 114, 116, 117, 118, 120, 130, 131, 132, 133, 134, 135], "summary": {"covered_lines": 13, "num_statements": 13, "percent_covered": 100.0, "percent_covered_display": "100", "missing_lines": 0, "excluded_lines": 0, "percent_statements_covered": 100.0, "percent_statements_covered_display": "100"}, "missing_lines": [], "excluded_lines": [], "start_line": 101}, "get_orderbooks_parallel._fetch_chunk": {"executed_lines": [121, 122, 123, 124, 125, 126, 127, 128], "summary": {"covered_lines": 8, "num_statements": 8, "percent_covered": 100.0, "percent_covered_display": "100", "missing_lines": 0, "excluded_lines": 0, "percent_statements_covered": 100.0, "percent_statements_covered_display": "100"}, "missing_lines": [], "excluded_lines": [], "start_line": 120}, "get_midpoint": {"executed_lines": [], "summary": {"covered_lines": 0, "num_statements": 2, "percent_covered": 0.0, "percent_covered_display": "0", "missing_lines": 2, "excluded_lines": 0, "percent_statements_covered": 0.0, "percent_statements_covered_display": "0"}, "missing_lines": [140, 141], "excluded_lines": [], "start_line": 138}, "create_limit_order": {"executed_lines": [], "summary": {"covered_lines": 0, "num_statements": 3, "percent_covered": 0.0, "percent_covered_display": "0", "missing_lines": 3, "excluded_lines": 0, "percent_statements_covered": 0.0, "percent_statements_covered_display": "0"}, "missing_lines": [154, 160, 164], "excluded_lines": [], "start_line": 144}, "create_market_order": {"executed_lines": [], "summary": {"covered_lines": 0, "num_statements": 3, "percent_covered": 0.0, "percent_covered_display": "0", "missing_lines": 3, "excluded_lines": 0, "percent_statements_covered": 0.0, "percent_statements_covered_display": "0"}, "missing_lines": [176, 181, 185], "excluded_lines": [], "start_line": 167}, "post_order": {"executed_lines": [], "summary": {"covered_lines": 0, "num_statements": 1, "percent_covered": 0.0, "percent_covered_display": "0", "missing_lines": 1, "excluded_lines": 0, "percent_statements_covered": 0.0, "percent_statements_covered_display": "0"}, "missing_lines": [194], "excluded_lines": [], "start_line": 188}, "post_orders": {"executed_lines": [], "summary": {"covered_lines": 0, "num_statements": 3, "percent_covered": 0.0, "percent_covered_display": "0", "missing_lines": 3, "excluded_lines": 0, "percent_statements_covered": 0.0, "percent_statements_covered_display": "0"}, "missing_lines": [205, 207, 211], "excluded_lines": [], "start_line": 197}, "cancel_order": {"executed_lines": [], "summary": {"covered_lines": 0, "num_statements": 1, "percent_covered": 0.0, "percent_covered_display": "0", "missing_lines": 1, "excluded_lines": 0, "percent_statements_covered": 0.0, "percent_statements_covered_display": "0"}, "missing_lines": [216], "excluded_lines": [], "start_line": 214}, "cancel_all": {"executed_lines": [], "summary": {"covered_lines": 0, "num_statements": 1, "percent_covered": 0.0, "percent_covered_display": "0", "missing_lines": 1, "excluded_lines": 0, "percent_statements_covered": 0.0, "percent_statements_covered_display": "0"}, "missing_lines": [221], "excluded_lines": [], "start_line": 219}, "get_balance_allowance": {"executed_lines": [], "summary": {"covered_lines": 0, "num_statements": 1, "percent_covered": 0.0, "percent_covered_display": "0", "missing_lines": 1, "excluded_lines": 0, "percent_statements_covered": 0.0, "percent_statements_covered_display": "0"}, "missing_lines": [226], "excluded_lines": [], "start_line": 224}, "": {"executed_lines": [5, 7, 8, 10, 11, 18, 20, 22, 25, 26, 32, 33, 34, 37, 58, 77, 84, 87, 101, 138, 144, 167, 188, 197, 214, 219, 224], "summary": {"covered_lines": 27, "num_statements": 27, "percent_covered": 100.0, "percent_covered_display": "100", "missing_lines": 0, "excluded_lines": 0, "percent_statements_covered": 100.0, "percent_statements_covered_display": "100"}, "missing_lines": [], "excluded_lines": [], "start_line": 1}}, "classes": {"": {"executed_lines": [5, 7, 8, 10, 11, 18, 20, 22, 25, 26, 32, 33, 34, 37, 46, 51, 55, 58, 60, 61, 62, 63, 64, 65, 66, 68, 69, 70, 77, 84, 87, 101, 111, 112, 114, 116, 117, 118, 120, 121, 122, 123, 124, 125, 126, 127, 128, 130, 131, 132, 133, 134, 135, 138, 144, 167, 188, 197, 214, 219, 224], "summary": {"covered_lines": 61, "num_statements": 93, "percent_covered": 65.59139784946237, "percent_covered_display": "66", "missing_lines": 32, "excluded_lines": 0, "percent_statements_covered": 65.59139784946237, "percent_statements_covered_display": "66"}, "missing_lines": [71, 72, 73, 74, 79, 80, 81, 89, 90, 91, 92, 93, 94, 95, 96, 97, 98, 140, 141, 154, 160, 164, 176, 181, 185, 194, 205, 207, 211, 216, 221, 226], "excluded_lines": [], "start_line": 1}}}, "client/data.py": {"executed_lines": [6, 8, 9, 11, 13, 15, 18, 24, 30, 31, 32, 33, 34, 36, 41, 44, 45, 46, 48, 49, 54, 69, 70, 71, 73, 75, 76], "summary": {"covered_lines": 27, "num_statements": 39, "percent_covered": 69.23076923076923, "percent_covered_display": "69", "missing_lines": 12, "excluded_lines": 0, "percent_statements_covered": 69.23076923076923, "percent_statements_covered_display": "69"}, "missing_lines": [42, 55, 57, 58, 59, 60, 61, 62, 64, 65, 66, 67], "excluded_lines": [], "functions": {"PositionTracker.__init__": {"executed_lines": [30, 31, 32, 33, 34], "summary": {"covered_lines": 5, "num_statements": 5, "percent_covered": 100.0, "percent_covered_display": "100", "missing_lines": 0, "excluded_lines": 0, "percent_statements_covered": 100.0, "percent_statements_covered_display": "100"}, "missing_lines": [], "excluded_lines": [], "start_line": 24}, "PositionTracker.get_positions": {"executed_lines": [41, 44, 45, 46, 48, 49, 54, 69, 70, 71], "summary": {"covered_lines": 10, "num_statements": 22, "percent_covered": 45.45454545454545, "percent_covered_display": "45", "missing_lines": 12, "excluded_lines": 0, "percent_statements_covered": 45.45454545454545, "percent_statements_covered_display": "45"}, "missing_lines": [42, 55, 57, 58, 59, 60, 61, 62, 64, 65, 66, 67], "excluded_lines": [], "start_line": 36}, "PositionTracker.get_position": {"executed_lines": [75, 76], "summary": {"covered_lines": 2, "num_statements": 2, "percent_covered": 100.0, "percent_covered_display": "100", "missing_lines": 0, "excluded_lines": 0, "percent_statements_covered": 100.0, "percent_statements_covered_display": "100"}, "missing_lines": [], "excluded_lines": [], "start_line": 73}, "": {"executed_lines": [6, 8, 9, 11, 13, 15, 18, 24, 36, 73], "summary": {"covered_lines": 10, "num_statements": 10, "percent_covered": 100.0, "percent_covered_display": "100", "missing_lines": 0, "excluded_lines": 0, "percent_statements_covered": 100.0, "percent_statements_covered_display": "100"}, "missing_lines": [], "excluded_lines": [], "start_line": 1}}, "classes": {"PositionTracker": {"executed_lines": [30, 31, 32, 33, 34, 41, 44, 45, 46, 48, 49, 54, 69, 70, 71, 75, 76], "summary": {"covered_lines": 17, "num_statements": 29, "percent_covered": 58.62068965517241, "percent_covered_display": "59", "missing_lines": 12, "excluded_lines": 0, "percent_statements_covered": 58.62068965517241, "percent_statements_covered_display": "59"}, "missing_lines": [42, 55, 57, 58, 59, 60, 61, 62, 64, 65, 66, 67], "excluded_lines": [], "start_line": 18}, "": {"executed_lines": [6, 8, 9, 11, 13, 15, 18, 24, 36, 73], "summary": {"covered_lines": 10, "num_statements": 10, "percent_covered": 100.0, "percent_covered_display": "100", "missing_lines": 0, "excluded_lines": 0, "percent_statements_covered": 100.0, "percent_statements_covered_display": "100"}, "missing_lines": [], "excluded_lines": [], "start_line": 1}}}, "client/fanatics.py": {"executed_lines": [12, 14, 15, 17, 18, 20, 22, 25, 26, 28, 29, 30, 31, 34, 42, 47, 48, 50, 51, 52, 54, 55, 57, 61, 63, 67, 69, 71, 73, 77, 87, 89, 91, 93, 95, 99, 101, 103, 105], "summary": {"covered_lines": 39, "num_statements": 39, "percent_covered": 100.0, "percent_covered_display": "100", "missing_lines": 0, "excluded_lines": 0, "percent_statements_covered": 100.0, "percent_statements_covered_display": "100"}, "missing_lines": [], "excluded_lines": [], "functions": {"FanaticsClient.__init__": {"executed_lines": [47, 48], "summary": {"covered_lines": 2, "num_statements": 2, "percent_covered": 100.0, "percent_covered_display": "100", "missing_lines": 0, "excluded_lines": 0, "percent_statements_covered": 100.0, "percent_statements_covered_display": "100"}, "missing_lines": [], "excluded_lines": [], "start_line": 42}, "FanaticsClient.platform_name": {"executed_lines": [52], "summary": {"covered_lines": 1, "num_statements": 1, "percent_covered": 100.0, "percent_covered_display": "100", "missing_lines": 0, "excluded_lines": 0, "percent_statements_covered": 100.0, "percent_statements_covered_display": "100"}, "missing_lines": [], "excluded_lines": [], "start_line": 51}, "FanaticsClient.book_fetcher": {"executed_lines": [57], "summary": {"covered_lines": 1, "num_statements": 1, "percent_covered": 100.0, "percent_covered_display": "100", "missing_lines": 0, "excluded_lines": 0, "percent_statements_covered": 100.0, "percent_statements_covered_display": "100"}, "missing_lines": [], "excluded_lines": [], "start_line": 55}, "FanaticsClient.get_all_markets": {"executed_lines": [63], "summary": {"covered_lines": 1, "num_statements": 1, "percent_covered": 100.0, "percent_covered_display": "100", "missing_lines": 0, "excluded_lines": 0, "percent_statements_covered": 100.0, "percent_statements_covered_display": "100"}, "missing_lines": [], "excluded_lines": [], "start_line": 61}, "FanaticsClient.get_orderbook": {"executed_lines": [69], "summary": {"covered_lines": 1, "num_statements": 1, "percent_covered": 100.0, "percent_covered_display": "100", "missing_lines": 0, "excluded_lines": 0, "percent_statements_covered": 100.0, "percent_statements_covered_display": "100"}, "missing_lines": [], "excluded_lines": [], "start_line": 67}, "FanaticsClient.get_orderbooks": {"executed_lines": [73], "summary": {"covered_lines": 1, "num_statements": 1, "percent_covered": 100.0, "percent_covered_display": "100", "missing_lines": 0, "excluded_lines": 0, "percent_statements_covered": 100.0, "percent_statements_covered_display": "100"}, "missing_lines": [], "excluded_lines": [], "start_line": 71}, "FanaticsClient.place_order": {"executed_lines": [87], "summary": {"covered_lines": 1, "num_statements": 1, "percent_covered": 100.0, "percent_covered_display": "100", "missing_lines": 0, "excluded_lines": 0, "percent_statements_covered": 100.0, "percent_statements_covered_display": "100"}, "missing_lines": [], "excluded_lines": [], "start_line": 77}, "FanaticsClient.cancel_order": {"executed_lines": [91], "summary": {"covered_lines": 1, "num_statements": 1, "percent_covered": 100.0, "percent_covered_display": "100", "missing_lines": 0, "excluded_lines": 0, "percent_statements_covered": 100.0, "percent_statements_covered_display": "100"}, "missing_lines": [], "excluded_lines": [], "start_line": 89}, "FanaticsClient.get_order": {"executed_lines": [95], "summary": {"covered_lines": 1, "num_statements": 1, "percent_covered": 100.0, "percent_covered_display": "100", "missing_lines": 0, "excluded_lines": 0, "percent_statements_covered": 100.0, "percent_statements_covered_display": "100"}, "missing_lines": [], "excluded_lines": [], "start_line": 93}, "FanaticsClient.get_positions": {"executed_lines": [101], "summary": {"covered_lines": 1, "num_statements": 1, "percent_covered": 100.0, "percent_covered_display": "100", "missing_lines": 0, "excluded_lines": 0, "percent_statements_covered": 100.0, "percent_statements_covered_display": "100"}, "missing_lines": [], "excluded_lines": [], "start_line": 99}, "FanaticsClient.get_balance": {"executed_lines": [105], "summary": {"covered_lines": 1, "num_statements": 1, "percent_covered": 100.0, "percent_covered_display": "100", "missing_lines": 0, "excluded_lines": 0, "percent_statements_covered": 100.0, "percent_statements_covered_display": "100"}, "missing_lines": [], "excluded_lines": [], "start_line": 103}, "": {"executed_lines": [12, 14, 15, 17, 18, 20, 22, 25, 26, 28, 29, 30, 31, 34, 42, 50, 51, 54, 55, 61, 67, 71, 77, 89, 93, 99, 103], "summary": {"covered_lines": 27, "num_statements": 27, "percent_covered": 100.0, "percent_covered_display": "100", "missing_lines": 0, "excluded_lines": 0, "percent_statements_covered": 100.0, "percent_statements_covered_display": "100"}, "missing_lines": [], "excluded_lines": [], "start_line": 1}}, "classes": {"FanaticsMarket": {"executed_lines": [], "summary": {"covered_lines": 0, "num_statements": 0, "percent_covered": 100.0, "percent_covered_display": "100", "missing_lines": 0, "excluded_lines": 0, "percent_statements_covered": 100.0, "percent_statements_covered_display": "100"}, "missing_lines": [], "excluded_lines": [], "start_line": 26}, "FanaticsClient": {"executed_lines": [47, 48, 52, 57, 63, 69, 73, 87, 91, 95, 101, 105], "summary": {"covered_lines": 12, "num_statements": 12, "percent_covered": 100.0, "percent_covered_display": "100", "missing_lines": 0, "excluded_lines": 0, "percent_statements_covered": 100.0, "percent_statements_covered_display": "100"}, "missing_lines": [], "excluded_lines": [], "start_line": 34}, "": {"executed_lines": [12, 14, 15, 17, 18, 20, 22, 25, 26, 28, 29, 30, 31, 34, 42, 50, 51, 54, 55, 61, 67, 71, 77, 89, 93, 99, 103], "summary": {"covered_lines": 27, "num_statements": 27, "percent_covered": 100.0, "percent_covered_display": "100", "missing_lines": 0, "excluded_lines": 0, "percent_statements_covered": 100.0, "percent_statements_covered_display": "100"}, "missing_lines": [], "excluded_lines": [], "start_line": 1}}}, "client/fanatics_auth.py": {"executed_lines": [12, 14, 15, 16, 19, 20, 23, 24, 26, 45, 48, 53, 55, 61], "summary": {"covered_lines": 14, "num_statements": 14, "percent_covered": 100.0, "percent_covered_display": "100", "missing_lines": 0, "excluded_lines": 0, "percent_statements_covered": 100.0, "percent_statements_covered_display": "100"}, "missing_lines": [], "excluded_lines": [], "functions": {"FanaticsAuth.sign_request": {"executed_lines": [45, 48, 53, 55, 61], "summary": {"covered_lines": 5, "num_statements": 5, "percent_covered": 100.0, "percent_covered_display": "100", "missing_lines": 0, "excluded_lines": 0, "percent_statements_covered": 100.0, "percent_statements_covered_display": "100"}, "missing_lines": [], "excluded_lines": [], "start_line": 26}, "": {"executed_lines": [12, 14, 15, 16, 19, 20, 23, 24, 26], "summary": {"covered_lines": 9, "num_statements": 9, "percent_covered": 100.0, "percent_covered_display": "100", "missing_lines": 0, "excluded_lines": 0, "percent_statements_covered": 100.0, "percent_statements_covered_display": "100"}, "missing_lines": [], "excluded_lines": [], "start_line": 1}}, "classes": {"FanaticsAuth": {"executed_lines": [45, 48, 53, 55, 61], "summary": {"covered_lines": 5, "num_statements": 5, "percent_covered": 100.0, "percent_covered_display": "100", "missing_lines": 0, "excluded_lines": 0, "percent_statements_covered": 100.0, "percent_statements_covered_display": "100"}, "missing_lines": [], "excluded_lines": [], "start_line": 20}, "": {"executed_lines": [12, 14, 15, 16, 19, 20, 23, 24, 26], "summary": {"covered_lines": 9, "num_statements": 9, "percent_covered": 100.0, "percent_covered_display": "100", "missing_lines": 0, "excluded_lines": 0, "percent_statements_covered": 100.0, "percent_statements_covered_display": "100"}, "missing_lines": [], "excluded_lines": [], "start_line": 1}}}, "client/gamma.py": {"executed_lines": [5, 7, 8, 10, 13, 16, 18, 19, 20, 21, 24, 36, 42, 43, 45, 46, 47, 49, 50, 55, 56, 59, 60, 66, 67, 70, 80, 82, 96, 99, 101, 102, 103, 104, 105, 113, 114, 115, 116, 117, 120, 126, 159, 161, 162, 163, 164, 165, 168, 176, 177, 178, 179, 180, 181, 184, 186, 187, 188, 189, 190, 191, 192, 199], "summary": {"covered_lines": 64, "num_statements": 95, "percent_covered": 67.36842105263158, "percent_covered_display": "67", "missing_lines": 31, "excluded_lines": 0, "percent_statements_covered": 67.36842105263158, "percent_statements_covered_display": "67"}, "missing_lines": [51, 52, 53, 54, 61, 62, 63, 122, 123, 135, 136, 137, 138, 139, 140, 141, 142, 143, 145, 146, 147, 148, 149, 150, 151, 152, 153, 154, 155, 156, 183], "excluded_lines": [], "functions": {"_get": {"executed_lines": [18, 19, 20, 21], "summary": {"covered_lines": 4, "num_statements": 4, "percent_covered": 100.0, "percent_covered_display": "100", "missing_lines": 0, "excluded_lines": 0, "percent_statements_covered": 100.0, "percent_statements_covered_display": "100"}, "missing_lines": [], "excluded_lines": [], "start_line": 16}, "get_markets": {"executed_lines": [36, 42, 43, 45, 46, 47, 49, 50, 55, 56, 59, 60, 66, 67, 70, 80, 82, 96], "summary": {"covered_lines": 18, "num_statements": 25, "percent_covered": 72.0, "percent_covered_display": "72", "missing_lines": 7, "excluded_lines": 0, "percent_statements_covered": 72.0, "percent_statements_covered_display": "72"}, "missing_lines": [51, 52, 53, 54, 61, 62, 63], "excluded_lines": [], "start_line": 24}, "get_all_markets": {"executed_lines": [101, 102, 103, 104, 105, 113, 114, 115, 116, 117], "summary": {"covered_lines": 10, "num_statements": 10, "percent_covered": 100.0, "percent_covered_display": "100", "missing_lines": 0, "excluded_lines": 0, "percent_statements_covered": 100.0, "percent_statements_covered_display": "100"}, "missing_lines": [], "excluded_lines": [], "start_line": 99}, "get_events": {"executed_lines": [], "summary": {"covered_lines": 0, "num_statements": 2, "percent_covered": 0.0, "percent_covered_display": "0", "missing_lines": 2, "excluded_lines": 0, "percent_statements_covered": 0.0, "percent_statements_covered_display": "0"}, "missing_lines": [122, 123], "excluded_lines": [], "start_line": 120}, "get_event_market_counts": {"executed_lines": [], "summary": {"covered_lines": 0, "num_statements": 21, "percent_covered": 0.0, "percent_covered_display": "0", "missing_lines": 21, "excluded_lines": 0, "percent_statements_covered": 0.0, "percent_statements_covered_display": "0"}, "missing_lines": [135, 136, 137, 138, 139, 140, 141, 142, 143, 145, 146, 147, 148, 149, 150, 151, 152, 153, 154, 155, 156], "excluded_lines": [], "start_line": 126}, "group_markets_by_event": {"executed_lines": [161, 162, 163, 164, 165], "summary": {"covered_lines": 5, "num_statements": 5, "percent_covered": 100.0, "percent_covered_display": "100", "missing_lines": 0, "excluded_lines": 0, "percent_statements_covered": 100.0, "percent_statements_covered_display": "100"}, "missing_lines": [], "excluded_lines": [], "start_line": 159}, "build_events": {"executed_lines": [176, 177, 178, 179, 180, 181, 184, 186, 187, 188, 189, 190, 191, 192, 199], "summary": {"covered_lines": 15, "num_statements": 16, "percent_covered": 93.75, "percent_covered_display": "94", "missing_lines": 1, "excluded_lines": 0, "percent_statements_covered": 93.75, "percent_statements_covered_display": "94"}, "missing_lines": [183], "excluded_lines": [], "start_line": 168}, "": {"executed_lines": [5, 7, 8, 10, 13, 16, 24, 99, 120, 126, 159, 168], "summary": {"covered_lines": 12, "num_statements": 12, "percent_covered": 100.0, "percent_covered_display": "100", "missing_lines": 0, "excluded_lines": 0, "percent_statements_covered": 100.0, "percent_statements_covered_display": "100"}, "missing_lines": [], "excluded_lines": [], "start_line": 1}}, "classes": {"": {"executed_lines": [5, 7, 8, 10, 13, 16, 18, 19, 20, 21, 24, 36, 42, 43, 45, 46, 47, 49, 50, 55, 56, 59, 60, 66, 67, 70, 80, 82, 96, 99, 101, 102, 103, 104, 105, 113, 114, 115, 116, 117, 120, 126, 159, 161, 162, 163, 164, 165, 168, 176, 177, 178, 179, 180, 181, 184, 186, 187, 188, 189, 190, 191, 192, 199], "summary": {"covered_lines": 64, "num_statements": 95, "percent_covered": 67.36842105263158, "percent_covered_display": "67", "missing_lines": 31, "excluded_lines": 0, "percent_statements_covered": 67.36842105263158, "percent_statements_covered_display": "67"}, "missing_lines": [51, 52, 53, 54, 61, 62, 63, 122, 123, 135, 136, 137, 138, 139, 140, 141, 142, 143, 145, 146, 147, 148, 149, 150, 151, 152, 153, 154, 155, 156, 183], "excluded_lines": [], "start_line": 1}}}, "client/gas.py": {"executed_lines": [6, 8, 9, 11, 13, 15, 18, 24, 32, 33, 34, 35, 36, 38, 39, 40, 41, 43, 45, 46, 47, 48, 49, 51, 52, 57, 58, 59, 60, 61, 62, 63, 64, 65, 66, 67, 69, 71, 72, 73, 74, 75, 77, 78, 83, 84, 85, 86, 87, 88, 89, 90, 91, 93, 95, 96, 97, 98, 99], "summary": {"covered_lines": 59, "num_statements": 59, "percent_covered": 100.0, "percent_covered_display": "100", "missing_lines": 0, "excluded_lines": 0, "percent_statements_covered": 100.0, "percent_statements_covered_display": "100"}, "missing_lines": [], "excluded_lines": [], "functions": {"GasOracle.__init__": {"executed_lines": [32, 33, 34, 35, 36, 38, 39, 40, 41], "summary": {"covered_lines": 9, "num_statements": 9, "percent_covered": 100.0, "percent_covered_display": "100", "missing_lines": 0, "excluded_lines": 0, "percent_statements_covered": 100.0, "percent_statements_covered_display": "100"}, "missing_lines": [], "excluded_lines": [], "start_line": 24}, "GasOracle.get_gas_price_gwei": {"executed_lines": [45, 46, 47, 48, 49, 51, 52, 57, 58, 59, 60, 61, 62, 63, 64, 65, 66, 67], "summary": {"covered_lines": 18, "num_statements": 18, "percent_covered": 100.0, "percent_covered_display": "100", "missing_lines": 0, "excluded_lines": 0, "percent_statements_covered": 100.0, "percent_statements_covered_display": "100"}, "missing_lines": [], "excluded_lines": [], "start_line": 43}, "GasOracle.get_matic_usd": {"executed_lines": [71, 72, 73, 74, 75, 77, 78, 83, 84, 85, 86, 87, 88, 89, 90, 91], "summary": {"covered_lines": 16, "num_statements": 16, "percent_covered": 100.0, "percent_covered_display": "100", "missing_lines": 0, "excluded_lines": 0, "percent_statements_covered": 100.0, "percent_statements_covered_display": "100"}, "missing_lines": [], "excluded_lines": [], "start_line": 69}, "GasOracle.estimate_cost_usd": {"executed_lines": [95, 96, 97, 98, 99], "summary": {"covered_lines": 5, "num_statements": 5, "percent_covered": 100.0, "percent_covered_display": "100", "missing_lines": 0, "excluded_lines": 0, "percent_statements_covered": 100.0, "percent_statements_covered_display": "100"}, "missing_lines": [], "excluded_lines": [], "start_line": 93}, "": {"executed_lines": [6, 8, 9, 11, 13, 15, 18, 24, 43, 69, 93], "summary": {"covered_lines": 11, "num_statements": 11, "percent_covered": 100.0, "percent_covered_display": "100", "missing_lines": 0, "excluded_lines": 0, "percent_statements_covered": 100.0, "percent_statements_covered_display": "100"}, "missing_lines": [], "excluded_lines": [], "start_line": 1}}, "classes": {"GasOracle": {"executed_lines": [32, 33, 34, 35, 36, 38, 39, 40, 41, 45, 46, 47, 48, 49, 51, 52, 57, 58, 59, 60, 61, 62, 63, 64, 65, 66, 67, 71, 72, 73, 74, 75, 77, 78, 83, 84, 85, 86, 87, 88, 89, 90, 91, 95, 96, 97, 98, 99], "summary": {"covered_lines": 48, "num_statements": 48, "percent_covered": 100.0, "percent_covered_display": "100", "missing_lines": 0, "excluded_lines": 0, "percent_statements_covered": 100.0, "percent_statements_covered_display": "100"}, "missing_lines": [], "excluded_lines": [], "start_line": 18}, "": {"executed_lines": [6, 8, 9, 11, 13, 15, 18, 24, 43, 69, 93], "summary": {"covered_lines": 11, "num_statements": 11, "percent_covered": 100.0, "percent_covered_display": "100", "missing_lines": 0, "excluded_lines": 0, "percent_statements_covered": 100.0, "percent_statements_covered_display": "100"}, "missing_lines": [], "excluded_lines": [], "start_line": 1}}}, "client/kalshi.py": {"executed_lines": [8, 10, 11, 13, 15, 16, 18, 21, 24, 29, 30, 31, 34, 37, 38, 40, 41, 42, 43, 44, 45, 46, 47, 50, 61, 62, 65, 71, 72, 73, 75, 77, 79, 80, 81, 82, 84, 85, 86, 90, 100, 101, 103, 104, 106, 107, 120, 122, 123, 124, 126, 132, 133, 134, 135, 140, 141, 142, 143, 147, 153, 154, 159, 160, 164, 170, 175, 177, 181, 182, 183, 184, 185, 186, 187, 189, 190, 192, 196, 220, 227, 228, 229, 231, 234, 236, 241, 242, 243, 245, 249, 255, 260, 262, 263], "summary": {"covered_lines": 95, "num_statements": 104, "percent_covered": 91.34615384615384, "percent_covered_display": "91", "missing_lines": 9, "excluded_lines": 0, "percent_statements_covered": 91.34615384615384, "percent_statements_covered_display": "91"}, "missing_lines": [63, 74, 102, 230, 232, 247, 251, 257, 258], "excluded_lines": [], "functions": {"dollars_to_cents": {"executed_lines": [29, 30, 31, 34], "summary": {"covered_lines": 4, "num_statements": 4, "percent_covered": 100.0, "percent_covered_display": "100", "missing_lines": 0, "excluded_lines": 0, "percent_statements_covered": 100.0, "percent_statements_covered_display": "100"}, "missing_lines": [], "excluded_lines": [], "start_line": 24}, "KalshiClient.platform_name": {"executed_lines": [], "summary": {"covered_lines": 0, "num_statements": 1, "percent_covered": 0.0, "percent_covered_display": "0", "missing_lines": 1, "excluded_lines": 0, "percent_statements_covered": 0.0, "percent_statements_covered_display": "0"}, "missing_lines": [63], "excluded_lines": [], "start_line": 62}, "KalshiClient.__init__": {"executed_lines": [71, 72, 73, 75], "summary": {"covered_lines": 4, "num_statements": 5, "percent_covered": 80.0, "percent_covered_display": "80", "missing_lines": 1, "excluded_lines": 0, "percent_statements_covered": 80.0, "percent_statements_covered_display": "80"}, "missing_lines": [74], "excluded_lines": [], "start_line": 65}, "KalshiClient._request": {"executed_lines": [79, 80, 81, 82, 84, 85, 86], "summary": {"covered_lines": 7, "num_statements": 7, "percent_covered": 100.0, "percent_covered_display": "100", "missing_lines": 0, "excluded_lines": 0, "percent_statements_covered": 100.0, "percent_statements_covered_display": "100"}, "missing_lines": [], "excluded_lines": [], "start_line": 77}, "KalshiClient.get_markets": {"executed_lines": [100, 101, 103, 104, 106, 107, 120, 122, 123, 124], "summary": {"covered_lines": 10, "num_statements": 11, "percent_covered": 90.9090909090909, "percent_covered_display": "91", "missing_lines": 1, "excluded_lines": 0, "percent_statements_covered": 90.9090909090909, "percent_statements_covered_display": "91"}, "missing_lines": [102], "excluded_lines": [], "start_line": 90}, "KalshiClient.get_all_markets": {"executed_lines": [132, 133, 134, 135, 140, 141, 142, 143], "summary": {"covered_lines": 8, "num_statements": 8, "percent_covered": 100.0, "percent_covered_display": "100", "missing_lines": 0, "excluded_lines": 0, "percent_statements_covered": 100.0, "percent_statements_covered_display": "100"}, "missing_lines": [], "excluded_lines": [], "start_line": 126}, "KalshiClient.get_orderbook": {"executed_lines": [153, 154, 159, 160, 164, 170, 175], "summary": {"covered_lines": 7, "num_statements": 7, "percent_covered": 100.0, "percent_covered_display": "100", "missing_lines": 0, "excluded_lines": 0, "percent_statements_covered": 100.0, "percent_statements_covered_display": "100"}, "missing_lines": [], "excluded_lines": [], "start_line": 147}, "KalshiClient.get_orderbooks": {"executed_lines": [181, 182, 183, 184, 185, 186, 187], "summary": {"covered_lines": 7, "num_statements": 7, "percent_covered": 100.0, "percent_covered_display": "100", "missing_lines": 0, "excluded_lines": 0, "percent_statements_covered": 100.0, "percent_statements_covered_display": "100"}, "missing_lines": [], "excluded_lines": [], "start_line": 177}, "KalshiClient.book_fetcher": {"executed_lines": [192], "summary": {"covered_lines": 1, "num_statements": 1, "percent_covered": 100.0, "percent_covered_display": "100", "missing_lines": 0, "excluded_lines": 0, "percent_statements_covered": 100.0, "percent_statements_covered_display": "100"}, "missing_lines": [], "excluded_lines": [], "start_line": 190}, "KalshiClient.place_order": {"executed_lines": [220, 227, 228, 229, 231, 234], "summary": {"covered_lines": 6, "num_statements": 8, "percent_covered": 75.0, "percent_covered_display": "75", "missing_lines": 2, "excluded_lines": 0, "percent_statements_covered": 75.0, "percent_statements_covered_display": "75"}, "missing_lines": [230, 232], "excluded_lines": [], "start_line": 196}, "KalshiClient.batch_place_orders": {"executed_lines": [241, 242, 243], "summary": {"covered_lines": 3, "num_statements": 3, "percent_covered": 100.0, "percent_covered_display": "100", "missing_lines": 0, "excluded_lines": 0, "percent_statements_covered": 100.0, "percent_statements_covered_display": "100"}, "missing_lines": [], "excluded_lines": [], "start_line": 236}, "KalshiClient.cancel_order": {"executed_lines": [], "summary": {"covered_lines": 0, "num_statements": 1, "percent_covered": 0.0, "percent_covered_display": "0", "missing_lines": 1, "excluded_lines": 0, "percent_statements_covered": 0.0, "percent_statements_covered_display": "0"}, "missing_lines": [247], "excluded_lines": [], "start_line": 245}, "KalshiClient.get_order": {"executed_lines": [], "summary": {"covered_lines": 0, "num_statements": 1, "percent_covered": 0.0, "percent_covered_display": "0", "missing_lines": 1, "excluded_lines": 0, "percent_statements_covered": 0.0, "percent_statements_covered_display": "0"}, "missing_lines": [251], "excluded_lines": [], "start_line": 249}, "KalshiClient.get_positions": {"executed_lines": [], "summary": {"covered_lines": 0, "num_statements": 2, "percent_covered": 0.0, "percent_covered_display": "0", "missing_lines": 2, "excluded_lines": 0, "percent_statements_covered": 0.0, "percent_statements_covered_display": "0"}, "missing_lines": [257, 258], "excluded_lines": [], "start_line": 255}, "KalshiClient.get_balance": {"executed_lines": [262, 263], "summary": {"covered_lines": 2, "num_statements": 2, "percent_covered": 100.0, "percent_covered_display": "100", "missing_lines": 0, "excluded_lines": 0, "percent_statements_covered": 100.0, "percent_statements_covered_display": "100"}, "missing_lines": [], "excluded_lines": [], "start_line": 260}, "": {"executed_lines": [8, 10, 11, 13, 15, 16, 18, 21, 24, 37, 38, 40, 41, 42, 43, 44, 45, 46, 47, 50, 61, 62, 65, 77, 90, 126, 147, 177, 189, 190, 196, 236, 245, 249, 255, 260], "summary": {"covered_lines": 36, "num_statements": 36, "percent_covered": 100.0, "percent_covered_display": "100", "missing_lines": 0, "excluded_lines": 0, "percent_statements_covered": 100.0, "percent_statements_covered_display": "100"}, "missing_lines": [], "excluded_lines": [], "start_line": 1}}, "classes": {"KalshiMarket": {"executed_lines": [], "summary": {"covered_lines": 0, "num_statements": 0, "percent_covered": 100.0, "percent_covered_display": "100", "missing_lines": 0, "excluded_lines": 0, "percent_statements_covered": 100.0, "percent_statements_covered_display": "100"}, "missing_lines": [], "excluded_lines": [], "start_line": 38}, "KalshiClient": {"executed_lines": [71, 72, 73, 75, 79, 80, 81, 82, 84, 85, 86, 100, 101, 103, 104, 106, 107, 120, 122, 123, 124, 132, 133, 134, 135, 140, 141, 142, 143, 153, 154, 159, 160, 164, 170, 175, 181, 182, 183, 184, 185, 186, 187, 192, 220, 227, 228, 229, 231, 234, 241, 242, 243, 262, 263], "summary": {"covered_lines": 55, "num_statements": 64, "percent_covered": 85.9375, "percent_covered_display": "86", "missing_lines": 9, "excluded_lines": 0, "percent_statements_covered": 85.9375, "percent_statements_covered_display": "86"}, "missing_lines": [63, 74, 102, 230, 232, 247, 251, 257, 258], "excluded_lines": [], "start_line": 50}, "": {"executed_lines": [8, 10, 11, 13, 15, 16, 18, 21, 24, 29, 30, 31, 34, 37, 38, 40, 41, 42, 43, 44, 45, 46, 47, 50, 61, 62, 65, 77, 90, 126, 147, 177, 189, 190, 196, 236, 245, 249, 255, 260], "summary": {"covered_lines": 40, "num_statements": 40, "percent_covered": 100.0, "percent_covered_display": "100", "missing_lines": 0, "excluded_lines": 0, "percent_statements_covered": 100.0, "percent_statements_covered_display": "100"}, "missing_lines": [], "excluded_lines": [], "start_line": 1}}}, "client/kalshi_auth.py": {"executed_lines": [10, 12, 13, 14, 16, 17, 20, 23, 24, 25, 27, 28, 30, 31, 32, 34, 36, 48, 49, 51, 52, 57, 59], "summary": {"covered_lines": 23, "num_statements": 24, "percent_covered": 95.83333333333333, "percent_covered_display": "96", "missing_lines": 1, "excluded_lines": 0, "percent_statements_covered": 95.83333333333333, "percent_statements_covered_display": "96"}, "missing_lines": [33], "excluded_lines": [], "functions": {"KalshiAuth.__init__": {"executed_lines": [24, 25], "summary": {"covered_lines": 2, "num_statements": 2, "percent_covered": 100.0, "percent_covered_display": "100", "missing_lines": 0, "excluded_lines": 0, "percent_statements_covered": 100.0, "percent_statements_covered_display": "100"}, "missing_lines": [], "excluded_lines": [], "start_line": 23}, "KalshiAuth._load_private_key": {"executed_lines": [30, 31, 32, 34], "summary": {"covered_lines": 4, "num_statements": 5, "percent_covered": 80.0, "percent_covered_display": "80", "missing_lines": 1, "excluded_lines": 0, "percent_statements_covered": 80.0, "percent_statements_covered_display": "80"}, "missing_lines": [33], "excluded_lines": [], "start_line": 28}, "KalshiAuth.sign_request": {"executed_lines": [48, 49, 51, 52, 57, 59], "summary": {"covered_lines": 6, "num_statements": 6, "percent_covered": 100.0, "percent_covered_display": "100", "missing_lines": 0, "excluded_lines": 0, "percent_statements_covered": 100.0, "percent_statements_covered_display": "100"}, "missing_lines": [], "excluded_lines": [], "start_line": 36}, "": {"executed_lines": [10, 12, 13, 14, 16, 17, 20, 23, 27, 28, 36], "summary": {"covered_lines": 11, "num_statements": 11, "percent_covered": 100.0, "percent_covered_display": "100", "missing_lines": 0, "excluded_lines": 0, "percent_statements_covered": 100.0, "percent_statements_covered_display": "100"}, "missing_lines": [], "excluded_lines": [], "start_line": 1}}, "classes": {"KalshiAuth": {"executed_lines": [24, 25, 30, 31, 32, 34, 48, 49, 51, 52, 57, 59], "summary": {"covered_lines": 12, "num_statements": 13, "percent_covered": 92.3076923076923, "percent_covered_display": "92", "missing_lines": 1, "excluded_lines": 0, "percent_statements_covered": 92.3076923076923, "percent_statements_covered_display": "92"}, "missing_lines": [33], "excluded_lines": [], "start_line": 20}, "": {"executed_lines": [10, 12, 13, 14, 16, 17, 20, 23, 27, 28, 36], "summary": {"covered_lines": 11, "num_statements": 11, "percent_covered": 100.0, "percent_covered_display": "100", "missing_lines": 0, "excluded_lines": 0, "percent_statements_covered": 100.0, "percent_statements_covered_display": "100"}, "missing_lines": [], "excluded_lines": [], "start_line": 1}}}, "client/platform.py": {"executed_lines": [9, 11, 13, 16, 17, 25, 26, 30, 31, 35, 39, 43, 47, 59, 63, 67, 71], "summary": {"covered_lines": 17, "num_statements": 17, "percent_covered": 100.0, "percent_covered_display": "100", "missing_lines": 0, "excluded_lines": 20, "percent_statements_covered": 100.0, "percent_statements_covered_display": "100"}, "missing_lines": [], "excluded_lines": [28, 29, 33, 34, 37, 38, 41, 42, 45, 46, 57, 58, 61, 62, 65, 66, 69, 70, 73, 74], "functions": {"PlatformClient.platform_name": {"executed_lines": [], "summary": {"covered_lines": 0, "num_statements": 0, "percent_covered": 100.0, "percent_covered_display": "100", "missing_lines": 0, "excluded_lines": 1, "percent_statements_covered": 100.0, "percent_statements_covered_display": "100"}, "missing_lines": [], "excluded_lines": [28], "start_line": 26}, "PlatformClient.book_fetcher": {"executed_lines": [], "summary": {"covered_lines": 0, "num_statements": 0, "percent_covered": 100.0, "percent_covered_display": "100", "missing_lines": 0, "excluded_lines": 1, "percent_statements_covered": 100.0, "percent_statements_covered_display": "100"}, "missing_lines": [], "excluded_lines": [33], "start_line": 31}, "PlatformClient.get_all_markets": {"executed_lines": [], "summary": {"covered_lines": 0, "num_statements": 0, "percent_covered": 100.0, "percent_covered_display": "100", "missing_lines": 0, "excluded_lines": 1, "percent_statements_covered": 100.0, "percent_statements_covered_display": "100"}, "missing_lines": [], "excluded_lines": [37], "start_line": 35}, "PlatformClient.get_orderbook": {"executed_lines": [], "summary": {"covered_lines": 0, "num_statements": 0, "percent_covered": 100.0, "percent_covered_display": "100", "missing_lines": 0, "excluded_lines": 1, "percent_statements_covered": 100.0, "percent_statements_covered_display": "100"}, "missing_lines": [], "excluded_lines": [41], "start_line": 39}, "PlatformClient.get_orderbooks": {"executed_lines": [], "summary": {"covered_lines": 0, "num_statements": 0, "percent_covered": 100.0, "percent_covered_display": "100", "missing_lines": 0, "excluded_lines": 1, "percent_statements_covered": 100.0, "percent_statements_covered_display": "100"}, "missing_lines": [], "excluded_lines": [45], "start_line": 43}, "PlatformClient.place_order": {"executed_lines": [], "summary": {"covered_lines": 0, "num_statements": 0, "percent_covered": 100.0, "percent_covered_display": "100", "missing_lines": 0, "excluded_lines": 1, "percent_statements_covered": 100.0, "percent_statements_covered_display": "100"}, "missing_lines": [], "excluded_lines": [57], "start_line": 47}, "PlatformClient.cancel_order": {"executed_lines": [], "summary": {"covered_lines": 0, "num_statements": 0, "percent_covered": 100.0, "percent_covered_display": "100", "missing_lines": 0, "excluded_lines": 1, "percent_statements_covered": 100.0, "percent_statements_covered_display": "100"}, "missing_lines": [], "excluded_lines": [61], "start_line": 59}, "PlatformClient.get_order": {"executed_lines": [], "summary": {"covered_lines": 0, "num_statements": 0, "percent_covered": 100.0, "percent_covered_display": "100", "missing_lines": 0, "excluded_lines": 1, "percent_statements_covered": 100.0, "percent_statements_covered_display": "100"}, "missing_lines": [], "excluded_lines": [65], "start_line": 63}, "PlatformClient.get_positions": {"executed_lines": [], "summary": {"covered_lines": 0, "num_statements": 0, "percent_covered": 100.0, "percent_covered_display": "100", "missing_lines": 0, "excluded_lines": 1, "percent_statements_covered": 100.0, "percent_statements_covered_display": "100"}, "missing_lines": [], "excluded_lines": [69], "start_line": 67}, "PlatformClient.get_balance": {"executed_lines": [], "summary": {"covered_lines": 0, "num_statements": 0, "percent_covered": 100.0, "percent_covered_display": "100", "missing_lines": 0, "excluded_lines": 1, "percent_statements_covered": 100.0, "percent_statements_covered_display": "100"}, "missing_lines": [], "excluded_lines": [73], "start_line": 71}, "": {"executed_lines": [9, 11, 13, 16, 17, 25, 26, 30, 31, 35, 39, 43, 47, 59, 63, 67, 71], "summary": {"covered_lines": 17, "num_statements": 17, "percent_covered": 100.0, "percent_covered_display": "100", "missing_lines": 0, "excluded_lines": 9, "percent_statements_covered": 100.0, "percent_statements_covered_display": "100"}, "missing_lines": [], "excluded_lines": [29, 34, 38, 42, 46, 58, 62, 66, 70], "start_line": 1}}, "classes": {"PlatformClient": {"executed_lines": [], "summary": {"covered_lines": 0, "num_statements": 0, "percent_covered": 100.0, "percent_covered_display": "100", "missing_lines": 0, "excluded_lines": 10, "percent_statements_covered": 100.0, "percent_statements_covered_display": "100"}, "missing_lines": [], "excluded_lines": [28, 33, 37, 41, 45, 57, 61, 65, 69, 73], "start_line": 17}, "": {"executed_lines": [9, 11, 13, 16, 17, 25, 26, 30, 31, 35, 39, 43, 47, 59, 63, 67, 71], "summary": {"covered_lines": 17, "num_statements": 17, "percent_covered": 100.0, "percent_covered_display": "100", "missing_lines": 0, "excluded_lines": 9, "percent_statements_covered": 100.0, "percent_statements_covered_display": "100"}, "missing_lines": [], "excluded_lines": [29, 34, 38, 42, 46, 58, 62, 66, 70], "start_line": 1}}}, "client/ws.py": {"executed_lines": [5, 7, 8, 9, 10, 11, 13, 14, 16, 18, 19, 20, 23, 24, 25, 26, 27, 30, 31, 32, 33, 34, 35, 38, 39, 44, 45, 46, 47, 48, 49, 50, 51, 53, 58, 70, 80, 93, 133], "summary": {"covered_lines": 39, "num_statements": 101, "percent_covered": 38.613861386138616, "percent_covered_display": "39", "missing_lines": 62, "excluded_lines": 0, "percent_statements_covered": 38.613861386138616, "percent_statements_covered_display": "39"}, "missing_lines": [55, 56, 60, 61, 62, 63, 64, 65, 66, 67, 68, 72, 73, 74, 78, 82, 83, 84, 85, 86, 91, 95, 96, 97, 98, 99, 100, 101, 104, 108, 110, 111, 112, 113, 115, 116, 117, 118, 122, 126, 127, 131, 135, 136, 137, 138, 139, 142, 143, 145, 146, 147, 149, 150, 151, 152, 155, 156, 157, 159, 160, 166], "excluded_lines": [], "functions": {"WSManager.start": {"executed_lines": [], "summary": {"covered_lines": 0, "num_statements": 2, "percent_covered": 0.0, "percent_covered_display": "0", "missing_lines": 2, "excluded_lines": 0, "percent_statements_covered": 0.0, "percent_statements_covered_display": "0"}, "missing_lines": [55, 56], "excluded_lines": [], "start_line": 53}, "WSManager.stop": {"executed_lines": [], "summary": {"covered_lines": 0, "num_statements": 9, "percent_covered": 0.0, "percent_covered_display": "0", "missing_lines": 9, "excluded_lines": 0, "percent_statements_covered": 0.0, "percent_statements_covered_display": "0"}, "missing_lines": [60, 61, 62, 63, 64, 65, 66, 67, 68], "excluded_lines": [], "start_line": 58}, "WSManager.subscribe": {"executed_lines": [], "summary": {"covered_lines": 0, "num_statements": 4, "percent_covered": 0.0, "percent_covered_display": "0", "missing_lines": 4, "excluded_lines": 0, "percent_statements_covered": 0.0, "percent_statements_covered_display": "0"}, "missing_lines": [72, 73, 74, 78], "excluded_lines": [], "start_line": 70}, "WSManager.unsubscribe": {"executed_lines": [], "summary": {"covered_lines": 0, "num_statements": 6, "percent_covered": 0.0, "percent_covered_display": "0", "missing_lines": 6, "excluded_lines": 0, "percent_statements_covered": 0.0, "percent_statements_covered_display": "0"}, "missing_lines": [82, 83, 84, 85, 86, 91], "excluded_lines": [], "start_line": 80}, "WSManager._run_loop": {"executed_lines": [], "summary": {"covered_lines": 0, "num_statements": 21, "percent_covered": 0.0, "percent_covered_display": "0", "missing_lines": 21, "excluded_lines": 0, "percent_statements_covered": 0.0, "percent_statements_covered_display": "0"}, "missing_lines": [95, 96, 97, 98, 99, 100, 101, 104, 108, 110, 111, 112, 113, 115, 116, 117, 118, 122, 126, 127, 131], "excluded_lines": [], "start_line": 93}, "WSManager._handle_message": {"executed_lines": [], "summary": {"covered_lines": 0, "num_statements": 20, "percent_covered": 0.0, "percent_covered_display": "0", "missing_lines": 20, "excluded_lines": 0, "percent_statements_covered": 0.0, "percent_statements_covered_display": "0"}, "missing_lines": [135, 136, 137, 138, 139, 142, 143, 145, 146, 147, 149, 150, 151, 152, 155, 156, 157, 159, 160, 166], "excluded_lines": [], "start_line": 133}, "": {"executed_lines": [5, 7, 8, 9, 10, 11, 13, 14, 16, 18, 19, 20, 23, 24, 25, 26, 27, 30, 31, 32, 33, 34, 35, 38, 39, 44, 45, 46, 47, 48, 49, 50, 51, 53, 58, 70, 80, 93, 133], "summary": {"covered_lines": 39, "num_statements": 39, "percent_covered": 100.0, "percent_covered_display": "100", "missing_lines": 0, "excluded_lines": 0, "percent_statements_covered": 100.0, "percent_statements_covered_display": "100"}, "missing_lines": [], "excluded_lines": [], "start_line": 1}}, "classes": {"PriceUpdate": {"executed_lines": [], "summary": {"covered_lines": 0, "num_statements": 0, "percent_covered": 100.0, "percent_covered_display": "100", "missing_lines": 0, "excluded_lines": 0, "percent_statements_covered": 100.0, "percent_statements_covered_display": "100"}, "missing_lines": [], "excluded_lines": [], "start_line": 24}, "BookUpdate": {"executed_lines": [], "summary": {"covered_lines": 0, "num_statements": 0, "percent_covered": 100.0, "percent_covered_display": "100", "missing_lines": 0, "excluded_lines": 0, "percent_statements_covered": 100.0, "percent_statements_covered_display": "100"}, "missing_lines": [], "excluded_lines": [], "start_line": 31}, "WSManager": {"executed_lines": [], "summary": {"covered_lines": 0, "num_statements": 62, "percent_covered": 0.0, "percent_covered_display": "0", "missing_lines": 62, "excluded_lines": 0, "percent_statements_covered": 0.0, "percent_statements_covered_display": "0"}, "missing_lines": [55, 56, 60, 61, 62, 63, 64, 65, 66, 67, 68, 72, 73, 74, 78, 82, 83, 84, 85, 86, 91, 95, 96, 97, 98, 99, 100, 101, 104, 108, 110, 111, 112, 113, 115, 116, 117, 118, 122, 126, 127, 131, 135, 136, 137, 138, 139, 142, 143, 145, 146, 147, 149, 150, 151, 152, 155, 156, 157, 159, 160, 166], "excluded_lines": [], "start_line": 39}, "": {"executed_lines": [5, 7, 8, 9, 10, 11, 13, 14, 16, 18, 19, 20, 23, 24, 25, 26, 27, 30, 31, 32, 33, 34, 35, 38, 39, 44, 45, 46, 47, 48, 49, 50, 51, 53, 58, 70, 80, 93, 133], "summary": {"covered_lines": 39, "num_statements": 39, "percent_covered": 100.0, "percent_covered_display": "100", "missing_lines": 0, "excluded_lines": 0, "percent_statements_covered": 100.0, "percent_statements_covered_display": "100"}, "missing_lines": [], "excluded_lines": [], "start_line": 1}}}, "client/ws_bridge.py": {"executed_lines": [7, 9, 10, 11, 13, 14, 15, 17, 19, 22, 28, 35, 36, 37, 38, 40, 41, 42, 43, 44, 45, 47, 49, 50, 52, 53, 55, 60, 61, 66, 67, 68, 70, 86, 94, 100, 101, 103, 106, 107, 108, 109, 112, 113, 114, 115, 118, 119, 120, 121, 122, 123, 124, 125, 126, 128, 130, 131, 132, 134, 135, 136, 142], "summary": {"covered_lines": 63, "num_statements": 88, "percent_covered": 71.5909090909091, "percent_covered_display": "72", "missing_lines": 25, "excluded_lines": 0, "percent_statements_covered": 71.5909090909091, "percent_statements_covered_display": "72"}, "missing_lines": [51, 72, 73, 74, 75, 76, 77, 78, 79, 80, 81, 88, 89, 90, 144, 145, 146, 147, 148, 149, 150, 151, 152, 154, 155], "excluded_lines": [], "functions": {"WSBridge.__init__": {"executed_lines": [35, 36, 37, 38, 40, 41, 42, 43, 44, 45], "summary": {"covered_lines": 10, "num_statements": 10, "percent_covered": 100.0, "percent_covered_display": "100", "missing_lines": 0, "excluded_lines": 0, "percent_statements_covered": 100.0, "percent_statements_covered_display": "100"}, "missing_lines": [], "excluded_lines": [], "start_line": 28}, "WSBridge.start": {"executed_lines": [49, 50, 52, 53, 55, 60, 61, 66, 67, 68], "summary": {"covered_lines": 10, "num_statements": 11, "percent_covered": 90.9090909090909, "percent_covered_display": "91", "missing_lines": 1, "excluded_lines": 0, "percent_statements_covered": 90.9090909090909, "percent_statements_covered_display": "91"}, "missing_lines": [51], "excluded_lines": [], "start_line": 47}, "WSBridge.stop": {"executed_lines": [], "summary": {"covered_lines": 0, "num_statements": 10, "percent_covered": 0.0, "percent_covered_display": "0", "missing_lines": 10, "excluded_lines": 0, "percent_statements_covered": 0.0, "percent_statements_covered_display": "0"}, "missing_lines": [72, 73, 74, 75, 76, 77, 78, 79, 80, 81], "excluded_lines": [], "start_line": 70}, "WSBridge.subscribe": {"executed_lines": [], "summary": {"covered_lines": 0, "num_statements": 3, "percent_covered": 0.0, "percent_covered_display": "0", "missing_lines": 3, "excluded_lines": 0, "percent_statements_covered": 0.0, "percent_statements_covered_display": "0"}, "missing_lines": [88, 89, 90], "excluded_lines": [], "start_line": 86}, "WSBridge.drain": {"executed_lines": [100, 101, 103, 106, 107, 108, 109, 112, 113, 114, 115, 118, 119, 120, 121, 122, 123, 124, 125, 126, 128], "summary": {"covered_lines": 21, "num_statements": 21, "percent_covered": 100.0, "percent_covered_display": "100", "missing_lines": 0, "excluded_lines": 0, "percent_statements_covered": 100.0, "percent_statements_covered_display": "100"}, "missing_lines": [], "excluded_lines": [], "start_line": 94}, "WSBridge.is_connected": {"executed_lines": [132], "summary": {"covered_lines": 1, "num_statements": 1, "percent_covered": 100.0, "percent_covered_display": "100", "missing_lines": 0, "excluded_lines": 0, "percent_statements_covered": 100.0, "percent_statements_covered_display": "100"}, "missing_lines": [], "excluded_lines": [], "start_line": 131}, "WSBridge.stats": {"executed_lines": [136], "summary": {"covered_lines": 1, "num_statements": 1, "percent_covered": 100.0, "percent_covered_display": "100", "missing_lines": 0, "excluded_lines": 0, "percent_statements_covered": 100.0, "percent_statements_covered_display": "100"}, "missing_lines": [], "excluded_lines": [], "start_line": 135}, "WSBridge._run_loop": {"executed_lines": [], "summary": {"covered_lines": 0, "num_statements": 11, "percent_covered": 0.0, "percent_covered_display": "0", "missing_lines": 11, "excluded_lines": 0, "percent_statements_covered": 0.0, "percent_statements_covered_display": "0"}, "missing_lines": [144, 145, 146, 147, 148, 149, 150, 151, 152, 154, 155], "excluded_lines": [], "start_line": 142}, "": {"executed_lines": [7, 9, 10, 11, 13, 14, 15, 17, 19, 22, 28, 47, 70, 86, 94, 130, 131, 134, 135, 142], "summary": {"covered_lines": 20, "num_statements": 20, "percent_covered": 100.0, "percent_covered_display": "100", "missing_lines": 0, "excluded_lines": 0, "percent_statements_covered": 100.0, "percent_statements_covered_display": "100"}, "missing_lines": [], "excluded_lines": [], "start_line": 1}}, "classes": {"WSBridge": {"executed_lines": [35, 36, 37, 38, 40, 41, 42, 43, 44, 45, 49, 50, 52, 53, 55, 60, 61, 66, 67, 68, 100, 101, 103, 106, 107, 108, 109
[...]
"missing_lines": 0, "excluded_lines": 0, "percent_statements_covered": 100.0, "percent_statements_covered_display": "100"}, "missing_lines": [], "excluded_lines": [], "start_line": 12}, "TestScanParams": {"executed_lines": [65, 66, 67, 68, 69, 70, 73, 74, 75, 76, 77, 78, 81, 82, 83, 84, 85, 86, 89, 90, 91, 92, 93, 94], "summary": {"covered_lines": 24, "num_statements": 24, "percent_covered": 100.0, "percent_covered_display": "100", "missing_lines": 0, "excluded_lines": 0, "percent_statements_covered": 100.0, "percent_statements_covered_display": "100"}, "missing_lines": [], "excluded_lines": [], "start_line": 63}, "": {"executed_lines": [5, 12, 13, 19, 25, 31, 37, 43, 50, 56, 63, 64, 72, 80, 88], "summary": {"covered_lines": 15, "num_statements": 15, "percent_covered": 100.0, "percent_covered_display": "100", "missing_lines": 0, "excluded_lines": 0, "percent_statements_covered": 100.0, "percent_statements_covered_display": "100"}, "missing_lines": [], "excluded_lines": [], "start_line": 1}}}, "tests/test_weight_search.py": {"executed_lines": [5, 7, 8, 10, 12, 19, 25, 30, 37, 41, 56, 62, 70, 79, 85, 88, 89, 97, 98, 99, 102, 103, 104, 105, 110, 111, 112, 116, 118, 119, 123, 124, 129, 130, 131, 132, 134, 135, 136, 137, 138, 140, 141, 142, 143, 144, 145, 147, 149, 150, 151, 152, 153, 154, 155, 156, 157, 158, 160, 161, 162, 163, 165, 166, 167, 168, 173, 174, 175, 179, 183, 184, 185, 186, 188, 189, 193, 197, 198, 199, 200, 202, 203, 204, 205, 206, 207, 208, 210, 211, 212, 213, 214, 216, 217, 218, 219, 220, 221, 222, 223, 224, 225, 227, 229, 237, 242, 243, 244, 245, 250, 251, 252, 253, 255, 264, 266, 273, 274, 275, 277, 278, 279, 280, 281, 283, 284], "summary": {"covered_lines": 127, "num_statements": 127, "percent_covered": 100.0, "percent_covered_display": "100", "missing_lines": 0, "excluded_lines": 0, "percent_statements_covered": 100.0, "percent_statements_covered_display": "100"}, "missing_lines": [], "excluded_lines": [], "functions": {"_make_opp": {"executed_lines": [37, 41], "summary": {"covered_lines": 2, "num_statements": 2, "percent_covered": 100.0, "percent_covered_display": "100", "missing_lines": 0, "excluded_lines": 0, "percent_statements_covered": 100.0, "percent_statements_covered_display": "100"}, "missing_lines": [], "excluded_lines": [], "start_line": 30}, "_make_ctx": {"executed_lines": [62], "summary": {"covered_lines": 1, "num_statements": 1, "percent_covered": 100.0, "percent_covered_display": "100", "missing_lines": 0, "excluded_lines": 0, "percent_statements_covered": 100.0, "percent_statements_covered_display": "100"}, "missing_lines": [], "excluded_lines": [], "start_line": 56}, "_opp_line": {"executed_lines": [79, 85], "summary": {"covered_lines": 2, "num_statements": 2, "percent_covered": 100.0, "percent_covered_display": "100", "missing_lines": 0, "excluded_lines": 0, "percent_statements_covered": 100.0, "percent_statements_covered_display": "100"}, "missing_lines": [], "excluded_lines": [], "start_line": 70}, "_cycle_marker": {"executed_lines": [89], "summary": {"covered_lines": 1, "num_statements": 1, "percent_covered": 100.0, "percent_covered_display": "100", "missing_lines": 0, "excluded_lines": 0, "percent_statements_covered": 100.0, "percent_statements_covered_display": "100"}, "missing_lines": [], "excluded_lines": [], "start_line": 88}, "_cycle_complete": {"executed_lines": [98, 99], "summary": {"covered_lines": 2, "num_statements": 2, "percent_covered": 100.0, "percent_covered_display": "100", "missing_lines": 0, "excluded_lines": 0, "percent_statements_covered": 100.0, "percent_statements_covered_display": "100"}, "missing_lines": [], "excluded_lines": [], "start_line": 97}, "_write_ndjson": {"executed_lines": [103, 104, 105], "summary": {"covered_lines": 3, "num_statements": 3, "percent_covered": 100.0, "percent_covered_display": "100", "missing_lines": 0, "excluded_lines": 0, "percent_statements_covered": 100.0, "percent_statements_covered_display": "100"}, "missing_lines": [], "excluded_lines": [], "start_line": 102}, "TestWeightConfig.test_as_tuple_order": {"executed_lines": [112, 116], "summary": {"covered_lines": 2, "num_statements": 2, "percent_covered": 100.0, "percent_covered_display": "100", "missing_lines": 0, "excluded_lines": 0, "percent_statements_covered": 100.0, "percent_statements_covered_display": "100"}, "missing_lines": [], "excluded_lines": [], "start_line": 111}, "TestWeightConfig.test_frozen": {"executed_lines": [119, 123, 124], "summary": {"covered_lines": 3, "num_statements": 3, "percent_covered": 100.0, "percent_covered_display": "100", "missing_lines": 0, "excluded_lines": 0, "percent_statements_covered": 100.0, "percent_statements_covered_display": "100"}, "missing_lines": [], "excluded_lines": [], "start_line": 118}, "TestGenerateWeightGrid.test_nonempty": {"executed_lines": [131, 132], "summary": {"covered_lines": 2, "num_statements": 2, "percent_covered": 100.0, "percent_covered_display": "100", "missing_lines": 0, "excluded_lines": 0, "percent_statements_covered": 100.0, "percent_statements_covered_display": "100"}, "missing_lines": [], "excluded_lines": [], "start_line": 130}, "TestGenerateWeightGrid.test_all_sum_to_one": {"executed_lines": [135, 136, 137, 138], "summary": {"covered_lines": 4, "num_statements": 4, "percent_covered": 100.0, "percent_covered_display": "100", "missing_lines": 0, "excluded_lines": 0, "percent_statements_covered": 100.0, "percent_statements_covered_display": "100"}, "missing_lines": [], "excluded_lines": [], "start_line": 134}, "TestGenerateWeightGrid.test_bounds_default": {"executed_lines": [141, 142, 143, 144, 145], "summary": {"covered_lines": 5, "num_statements": 5, "percent_covered": 100.0, "percent_covered_display": "100", "missing_lines": 0, "excluded_lines": 0, "percent_statements_covered": 100.0, "percent_statements_covered_display": "100"}, "missing_lines": [], "excluded_lines": [], "start_line": 140}, "TestGenerateWeightGrid.test_each_weight_within_bounds": {"executed_lines": [149, 150, 151, 152, 153, 154, 155, 156, 157, 158], "summary": {"covered_lines": 10, "num_statements": 10, "percent_covered": 100.0, "percent_covered_display": "100", "missing_lines": 0, "excluded_lines": 0, "percent_statements_covered": 100.0, "percent_statements_covered_display": "100"}, "missing_lines": [], "excluded_lines": [], "start_line": 147}, "TestGenerateWeightGrid.test_finer_step_more_combos": {"executed_lines": [161, 162, 163], "summary": {"covered_lines": 3, "num_statements": 3, "percent_covered": 100.0, "percent_covered_display": "100", "missing_lines": 0, "excluded_lines": 0, "percent_statements_covered": 100.0, "percent_statements_covered_display": "100"}, "missing_lines": [], "excluded_lines": [], "start_line": 160}, "TestGenerateWeightGrid.test_no_duplicates": {"executed_lines": [166, 167, 168], "summary": {"covered_lines": 3, "num_statements": 3, "percent_covered": 100.0, "percent_covered_display": "100", "missing_lines": 0, "excluded_lines": 0, "percent_statements_covered": 100.0, "percent_statements_covered_display": "100"}, "missing_lines": [], "excluded_lines": [], "start_line": 165}, "TestEvaluateWeights.test_sorted_by_evs_descending": {"executed_lines": [175, 179, 183, 184, 185, 186], "summary": {"covered_lines": 6, "num_statements": 6, "percent_covered": 100.0, "percent_covered_display": "100", "missing_lines": 0, "excluded_lines": 0, "percent_statements_covered": 100.0, "percent_statements_covered_display": "100"}, "missing_lines": [], "excluded_lines": [], "start_line": 174}, "TestEvaluateWeights.test_top_result_has_highest_evs": {"executed_lines": [189, 193, 197, 198, 199, 200], "summary": {"covered_lines": 6, "num_statements": 6, "percent_covered": 100.0, "percent_covered_display": "100", "missing_lines": 0, "excluded_lines": 0, "percent_statements_covered": 100.0, "percent_statements_covered_display": "100"}, "missing_lines": [], "excluded_lines": [], "start_line": 188}, "TestEvaluateWeights.test_single_opportunity": {"executed_lines": [203, 204, 205, 206, 207, 208], "summary": {"covered_lines": 6, "num_statements": 6, "percent_covered": 100.0, "percent_covered_display": "100", "missing_lines": 0, "excluded_lines": 0, "percent_statements_covered": 100.0, "percent_statements_covered_display": "100"}, "missing_lines": [], "excluded_lines": [], "start_line": 202}, "TestEvaluateWeights.test_empty_opportunities": {"executed_lines": [211, 212, 213, 214], "summary": {"covered_lines": 4, "num_statements": 4, "percent_covered": 100.0, "percent_covered_display": "100", "missing_lines": 0, "excluded_lines": 0, "percent_statements_covered": 100.0, "percent_statements_covered_display": "100"}, "missing_lines": [], "excluded_lines": [], "start_line": 210}, "TestEvaluateWeights.test_result_fields": {"executed_lines": [217, 218, 219, 220, 221, 222, 223, 224, 225], "summary": {"covered_lines": 9, "num_statements": 9, "percent_covered": 100.0, "percent_covered_display": "100", "missing_lines": 0, "excluded_lines": 0, "percent_statements_covered": 100.0, "percent_statements_covered_display": "100"}, "missing_lines": [], "excluded_lines": [], "start_line": 216}, "TestEvaluateWeights.test_different_configs_different_scores": {"executed_lines": [229, 237, 242, 243, 244, 245], "summary": {"covered_lines": 6, "num_statements": 6, "percent_covered": 100.0, "percent_covered_display": "100", "missing_lines": 0, "excluded_lines": 0, "percent_statements_covered": 100.0, "percent_statements_covered_display": "100"}, "missing_lines": [], "excluded_lines": [], "start_line": 227}, "TestCLI.test_end_to_end": {"executed_lines": [252, 253, 255, 264, 266, 273, 274, 275, 277, 278, 279, 280, 281, 283, 284], "summary": {"covered_lines": 15, "num_statements": 15, "percent_covered": 100.0, "percent_covered_display": "100", "missing_lines": 0, "excluded_lines": 0, "percent_statements_covered": 100.0, "percent_statements_covered_display": "100"}, "missing_lines": [], "excluded_lines": [], "start_line": 251}, "": {"executed_lines": [5, 7, 8, 10, 12, 19, 25, 30, 56, 70, 88, 97, 102, 110, 111, 118, 129, 130, 134, 140, 147, 160, 165, 173, 174, 188, 202, 210, 216, 227, 250, 251], "summary": {"covered_lines": 32, "num_statements": 32, "percent_covered": 100.0, "percent_covered_display": "100", "missing_lines": 0, "excluded_lines": 0, "percent_statements_covered": 100.0, "percent_statements_covered_display": "100"}, "missing_lines": [], "excluded_lines": [], "start_line": 1}}, "classes": {"TestWeightConfig": {"executed_lines": [112, 116, 119, 123, 124], "summary": {"covered_lines": 5, "num_statements": 5, "percent_covered": 100.0, "percent_covered_display": "100", "missing_lines": 0, "excluded_lines": 0, "percent_statements_covered": 100.0, "percent_statements_covered_display": "100"}, "missing_lines": [], "excluded_lines": [], "start_line": 110}, "TestGenerateWeightGrid": {"executed_lines": [131, 132, 135, 136, 137, 138, 141, 142, 143, 144, 145, 149, 150, 151, 152, 153, 154, 155, 156, 157, 158, 161, 162, 163, 166, 167, 168], "summary": {"covered_lines": 27, "num_statements": 27, "percent_covered": 100.0, "percent_covered_display": "100", "missing_lines": 0, "excluded_lines": 0, "percent_statements_covered": 100.0, "percent_statements_covered_display": "100"}, "missing_lines": [], "excluded_lines": [], "start_line": 129}, "TestEvaluateWeights": {"executed_lines": [175, 179, 183, 184, 185, 186, 189, 193, 197, 198, 199, 200, 203, 204, 205, 206, 207, 208, 211, 212, 213, 214, 217, 218, 219, 220, 221, 222, 223, 224, 225, 229, 237, 242, 243, 244, 245], "summary": {"covered_lines": 37, "num_statements": 37, "percent_covered": 100.0, "percent_covered_display": "100", "missing_lines": 0, "excluded_lines": 0, "percent_statements_covered": 100.0, "percent_statements_covered_display": "100"}, "missing_lines": [], "excluded_lines": [], "start_line": 173}, "TestCLI": {"executed_lines": [252, 253, 255, 264, 266, 273, 274, 275, 277, 278, 279, 280, 281, 283, 284], "summary": {"covered_lines": 15, "num_statements": 15, "percent_covered": 100.0, "percent_covered_display": "100", "missing_lines": 0, "excluded_lines": 0, "percent_statements_covered": 100.0, "percent_statements_covered_display": "100"}, "missing_lines": [], "excluded_lines": [], "start_line": 250}, "": {"executed_lines": [5, 7, 8, 10, 12, 19, 25, 30, 37, 41, 56, 62, 70, 79, 85, 88, 89, 97, 98, 99, 102, 103, 104, 105, 110, 111, 118, 129, 130, 134, 140, 147, 160, 165, 173, 174, 188, 202, 210, 216, 227, 250, 251], "summary": {"covered_lines": 43, "num_statements": 43, "percent_covered": 100.0, "percent_covered_display": "100", "missing_lines": 0, "excluded_lines": 0, "percent_statements_covered": 100.0, "percent_statements_covered_display": "100"}, "missing_lines": [], "excluded_lines": [], "start_line": 1}}}, "tests/test_ws_bridge.py": {"executed_lines": [5, 6, 7, 9, 10, 11, 12, 15, 16, 18, 19, 22, 23, 24, 30, 31, 32, 34, 35, 36, 37, 38, 39, 41, 43, 44, 45, 48, 50, 51, 52, 53, 54, 55, 57, 58, 60, 62, 64, 65, 66, 68, 70, 71, 72, 73, 74, 75, 77, 79, 81, 82, 84, 85, 86, 87, 93, 94, 95, 97, 98, 99, 102, 103, 104, 105, 106, 107, 108, 109, 111, 112, 113, 115, 116, 117, 123, 124, 125, 126, 127, 129, 130, 131, 132, 135, 136, 137, 138, 139, 140, 141, 142, 143, 145, 146, 148, 149, 150, 152, 153, 154, 155, 156, 157, 158, 159, 161, 162, 163, 164, 165, 167, 169, 170], "summary": {"covered_lines": 115, "num_statements": 115, "percent_covered": 100.0, "percent_covered_display": "100", "missing_lines": 0, "excluded_lines": 0, "percent_statements_covered": 100.0, "percent_statements_covered_display": "100"}, "missing_lines": [], "excluded_lines": [], "functions": {"TestWSBridgeDrain.test_drain_book_updates_into_cache": {"executed_lines": [18, 19, 22, 23, 24, 30, 31, 32, 34, 35, 36, 37, 38, 39], "summary": {"covered_lines": 14, "num_statements": 14, "percent_covered": 100.0, "percent_covered_display": "100", "missing_lines": 0, "excluded_lines": 0, "percent_statements_covered": 100.0, "percent_statements_covered_display": "100"}, "missing_lines": [], "excluded_lines": [], "start_line": 16}, "TestWSBridgeDrain.test_drain_price_updates_into_spike_detector": {"executed_lines": [43, 44, 45, 48, 50, 51, 52, 53, 54, 55, 57, 58, 60], "summary": {"covered_lines": 13, "num_statements": 13, "percent_covered": 100.0, "percent_covered_display": "100", "missing_lines": 0, "excluded_lines": 0, "percent_statements_covered": 100.0, "percent_statements_covered_display": "100"}, "missing_lines": [], "excluded_lines": [], "start_line": 41}, "TestWSBridgeDrain.test_drain_returns_zero_when_no_ws": {"executed_lines": [64, 65, 66], "summary": {"covered_lines": 3, "num_statements": 3, "percent_covered": 100.0, "percent_covered_display": "100", "missing_lines": 0, "excluded_lines": 0, "percent_statements_covered": 100.0, "percent_statements_covered_display": "100"}, "missing_lines": [], "excluded_lines": [], "start_line": 62}, "TestWSBridgeDrain.test_drain_handles_empty_queues": {"executed_lines": [70, 71, 72, 73, 74, 75, 77], "summary": {"covered_lines": 7, "num_statements": 7, "percent_covered": 100.0, "percent_covered_display": "100", "missing_lines": 0, "excluded_lines": 0, "percent_statements_covered": 100.0, "percent_statements_covered_display": "100"}, "missing_lines": [], "excluded_lines": [], "start_line": 68}, "TestWSBridgeDrain.test_drain_multiple_updates": {"executed_lines": [81, 82, 84, 85, 86, 87, 93, 94, 95, 97, 98, 99], "summary": {"covered_lines": 12, "num_statements": 12, "percent_covered": 100.0, "percent_covered_display": "100", "missing_lines": 0, "excluded_lines": 0, "percent_statements_covered": 100.0, "percent_statements_covered_display": "100"}, "missing_lines": [], "excluded_lines": [], "start_line": 79}, "TestWSBridgeStats.test_stats_when_not_started": {"executed_lines": [104, 105, 106, 107, 108, 109], "summary": {"covered_lines": 6, "num_statements": 6, "percent_covered": 100.0, "percent_covered_display": "100", "missing_lines": 0, "excluded_lines": 0, "percent_statements_covered": 100.0, "percent_statements_covered_display": "100"}, "missing_lines": [], "excluded_lines": [], "start_line": 103}, "TestWSBridgeStats.test_stats_after_drain": {"executed_lines": [112, 113, 115, 116, 117, 123, 124, 125, 126, 127, 129, 130, 131, 132], "summary": {"covered_lines": 14, "num_statements": 14, "percent_covered": 100.0, "percent_covered_display": "100", "missing_lines": 0, "excluded_lines": 0, "percent_statements_covered": 100.0, "percent_statements_covered_display": "100"}, "missing_lines": [], "excluded_lines": [], "start_line": 111}, "TestWSBridgeLifecycle.test_start_passes_configured_max_retries": {"executed_lines": [140, 141, 142, 143, 145, 146, 148, 149, 150], "summary": {"covered_lines": 9, "num_statements": 9, "percent_covered": 100.0, "percent_covered_display": "100", "missing_lines": 0, "excluded_lines": 0, "percent_statements_covered": 100.0, "percent_statements_covered_display": "100"}, "missing_lines": [], "excluded_lines": [], "start_line": 139}, "TestWSBridgeLifecycle.test_start_recovers_when_previous_thread_died": {"executed_lines": [156, 157, 158, 159, 161, 162, 163, 164, 165, 167, 169, 170], "summary": {"covered_lines": 12, "num_statements": 12, "percent_covered": 100.0, "percent_covered_display": "100", "missing_lines": 0, "excluded_lines": 0, "percent_statements_covered": 100.0, "percent_statements_covered_display": "100"}, "missing_lines": [], "excluded_lines": [], "start_line": 155}, "": {"executed_lines": [5, 6, 7, 9, 10, 11, 12, 15, 16, 41, 62, 68, 79, 102, 103, 111, 135, 136, 137, 138, 139, 152, 153, 154, 155], "summary": {"covered_lines": 25, "num_statements": 25, "percent_covered": 100.0, "percent_covered_display": "100", "missing_lines": 0, "excluded_lines": 0, "percent_statements_covered": 100.0, "percent_statements_covered_display": "100"}, "missing_lines": [], "excluded_lines": [], "start_line": 1}}, "classes": {"TestWSBridgeDrain": {"executed_lines": [18, 19, 22, 23, 24, 30, 31, 32, 34, 35, 36, 37, 38, 39, 43, 44, 45, 48, 50, 51, 52, 53, 54, 55, 57, 58, 60, 64, 65, 66, 70, 71, 72, 73, 74, 75, 77, 81, 82, 84, 85, 86, 87, 93, 94, 95, 97, 98, 99], "summary": {"covered_lines": 49, "num_statements": 49, "percent_covered": 100.0, "percent_covered_display": "100", "missing_lines": 0, "excluded_lines": 0, "percent_statements_covered": 100.0, "percent_statements_covered_display": "100"}, "missing_lines": [], "excluded_lines": [], "start_line": 15}, "TestWSBridgeStats": {"executed_lines": [104, 105, 106, 107, 108, 109, 112, 113, 115, 116, 117, 123, 124, 125, 126, 127, 129, 130, 131, 132], "summary": {"covered_lines": 20, "num_statements": 20, "percent_covered": 100.0, "percent_covered_display": "100", "missing_lines": 0, "excluded_lines": 0, "percent_statements_covered": 100.0, "percent_statements_covered_display": "100"}, "missing_lines": [], "excluded_lines": [], "start_line": 102}, "TestWSBridgeLifecycle": {"executed_lines": [140, 141, 142, 143, 145, 146, 148, 149, 150, 156, 157, 158, 159, 161, 162, 163, 164, 165, 167, 169, 170], "summary": {"covered_lines": 21, "num_statements": 21, "percent_covered": 100.0, "percent_covered_display": "100", "missing_lines": 0, "excluded_lines": 0, "percent_statements_covered": 100.0, "percent_statements_covered_display": "100"}, "missing_lines": [], "excluded_lines": [], "start_line": 135}, "": {"executed_lines": [5, 6, 7, 9, 10, 11, 12, 15, 16, 41, 62, 68, 79, 102, 103, 111, 135, 136, 137, 138, 139, 152, 153, 154, 155], "summary": {"covered_lines": 25, "num_statements": 25, "percent_covered": 100.0, "percent_covered_display": "100", "missing_lines": 0, "excluded_lines": 0, "percent_statements_covered": 100.0, "percent_statements_covered_display": "100"}, "missing_lines": [], "excluded_lines": [], "start_line": 1}}}}, "totals": {"covered_lines": 8533, "num_statements": 9358, "percent_covered": 91.18401367813635, "percent_covered_display": "91", "missing_lines": 825, "excluded_lines": 34, "percent_statements_covered": 91.18401367813635, "percent_statements_covered_display": "91"}}